Determining if the function __android_log_print exists in the log failed with the following output:
Change Dir: /home/molle/Documents/projects/cppAudio/cmake-build-debug/CMakeFiles/CMakeTmp

Run Build Command(s):make cmTC_eb686/fast && make  -f CMakeFiles/cmTC_eb686.dir/build.make CMakeFiles/cmTC_eb686.dir/build
make[1]: Entering directory '/home/molle/Documents/projects/cppAudio/cmake-build-debug/CMakeFiles/CMakeTmp'
Building C object CMakeFiles/cmTC_eb686.dir/CheckFunctionExists.c.o
/usr/bin/gcc   -DCHECK_FUNCTION_EXISTS=__android_log_print -o CMakeFiles/cmTC_eb686.dir/CheckFunctionExists.c.o -c /usr/share/cmake-3.19/Modules/CheckFunctionExists.c
Linking C executable cmTC_eb686
/usr/bin/cmake -E cmake_link_script CMakeFiles/cmTC_eb686.dir/link.txt --verbose=1
/usr/bin/gcc  -DCHECK_FUNCTION_EXISTS=__android_log_print -rdynamic CMakeFiles/cmTC_eb686.dir/CheckFunctionExists.c.o -o cmTC_eb686  -llog -latomic 
/usr/bin/ld: cannot find -llog
collect2: error: ld returned 1 exit status
make[1]: *** [CMakeFiles/cmTC_eb686.dir/build.make:106: cmTC_eb686] Error 1
make[1]: Leaving directory '/home/molle/Documents/projects/cppAudio/cmake-build-debug/CMakeFiles/CMakeTmp'
make: *** [Makefile:140: cmTC_eb686/fast] Error 2



Determining if the include file arm_neon.h exists failed with the following output:
Change Dir: /home/molle/Documents/projects/cppAudio/cmake-build-debug/CMakeFiles/CMakeTmp

Run Build Command(s):make cmTC_d0152/fast && make  -f CMakeFiles/cmTC_d0152.dir/build.make CMakeFiles/cmTC_d0152.dir/build
make[1]: Entering directory '/home/molle/Documents/projects/cppAudio/cmake-build-debug/CMakeFiles/CMakeTmp'
Building C object CMakeFiles/cmTC_d0152.dir/CheckIncludeFile.c.o
/usr/bin/gcc    -o CMakeFiles/cmTC_d0152.dir/CheckIncludeFile.c.o -c /home/molle/Documents/projects/cppAudio/cmake-build-debug/CMakeFiles/CMakeTmp/CheckIncludeFile.c
/home/molle/Documents/projects/cppAudio/cmake-build-debug/CMakeFiles/CMakeTmp/CheckIncludeFile.c:1:10: fatal error: arm_neon.h: No such file or directory
    1 | #include <arm_neon.h>
      |          ^~~~~~~~~~~~
compilation terminated.
make[1]: *** [CMakeFiles/cmTC_d0152.dir/build.make:85: CMakeFiles/cmTC_d0152.dir/CheckIncludeFile.c.o] Error 1
make[1]: Leaving directory '/home/molle/Documents/projects/cppAudio/cmake-build-debug/CMakeFiles/CMakeTmp'
make: *** [Makefile:140: cmTC_d0152/fast] Error 2



Determining if the include file intrin.h exists failed with the following output:
Change Dir: /home/molle/Documents/projects/cppAudio/cmake-build-debug/CMakeFiles/CMakeTmp

Run Build Command(s):make cmTC_8d77d/fast && make  -f CMakeFiles/cmTC_8d77d.dir/build.make CMakeFiles/cmTC_8d77d.dir/build
make[1]: Entering directory '/home/molle/Documents/projects/cppAudio/cmake-build-debug/CMakeFiles/CMakeTmp'
Building C object CMakeFiles/cmTC_8d77d.dir/CheckIncludeFile.c.o
/usr/bin/gcc    -o CMakeFiles/cmTC_8d77d.dir/CheckIncludeFile.c.o -c /home/molle/Documents/projects/cppAudio/cmake-build-debug/CMakeFiles/CMakeTmp/CheckIncludeFile.c
/home/molle/Documents/projects/cppAudio/cmake-build-debug/CMakeFiles/CMakeTmp/CheckIncludeFile.c:1:10: fatal error: intrin.h: No such file or directory
    1 | #include <intrin.h>
      |          ^~~~~~~~~~
compilation terminated.
make[1]: *** [CMakeFiles/cmTC_8d77d.dir/build.make:85: CMakeFiles/cmTC_8d77d.dir/CheckIncludeFile.c.o] Error 1
make[1]: Leaving directory '/home/molle/Documents/projects/cppAudio/cmake-build-debug/CMakeFiles/CMakeTmp'
make: *** [Makefile:140: cmTC_8d77d/fast] Error 2



Determining if the include file guiddef.h exists failed with the following output:
Change Dir: /home/molle/Documents/projects/cppAudio/cmake-build-debug/CMakeFiles/CMakeTmp

Run Build Command(s):make cmTC_ac58f/fast && make  -f CMakeFiles/cmTC_ac58f.dir/build.make CMakeFiles/cmTC_ac58f.dir/build
make[1]: Entering directory '/home/molle/Documents/projects/cppAudio/cmake-build-debug/CMakeFiles/CMakeTmp'
Building C object CMakeFiles/cmTC_ac58f.dir/CheckIncludeFile.c.o
/usr/bin/gcc    -o CMakeFiles/cmTC_ac58f.dir/CheckIncludeFile.c.o -c /home/molle/Documents/projects/cppAudio/cmake-build-debug/CMakeFiles/CMakeTmp/CheckIncludeFile.c
/home/molle/Documents/projects/cppAudio/cmake-build-debug/CMakeFiles/CMakeTmp/CheckIncludeFile.c:1:10: fatal error: guiddef.h: No such file or directory
    1 | #include <guiddef.h>
      |          ^~~~~~~~~~~
compilation terminated.
make[1]: *** [CMakeFiles/cmTC_ac58f.dir/build.make:85: CMakeFiles/cmTC_ac58f.dir/CheckIncludeFile.c.o] Error 1
make[1]: Leaving directory '/home/molle/Documents/projects/cppAudio/cmake-build-debug/CMakeFiles/CMakeTmp'
make: *** [Makefile:140: cmTC_ac58f/fast] Error 2



Determining if the include file initguid.h exists failed with the following output:
Change Dir: /home/molle/Documents/projects/cppAudio/cmake-build-debug/CMakeFiles/CMakeTmp

Run Build Command(s):make cmTC_4b141/fast && make  -f CMakeFiles/cmTC_4b141.dir/build.make CMakeFiles/cmTC_4b141.dir/build
make[1]: Entering directory '/home/molle/Documents/projects/cppAudio/cmake-build-debug/CMakeFiles/CMakeTmp'
Building C object CMakeFiles/cmTC_4b141.dir/CheckIncludeFile.c.o
/usr/bin/gcc    -o CMakeFiles/cmTC_4b141.dir/CheckIncludeFile.c.o -c /home/molle/Documents/projects/cppAudio/cmake-build-debug/CMakeFiles/CMakeTmp/CheckIncludeFile.c
/home/molle/Documents/projects/cppAudio/cmake-build-debug/CMakeFiles/CMakeTmp/CheckIncludeFile.c:1:10: fatal error: initguid.h: No such file or directory
    1 | #include <initguid.h>
      |          ^~~~~~~~~~~~
compilation terminated.
make[1]: *** [CMakeFiles/cmTC_4b141.dir/build.make:85: CMakeFiles/cmTC_4b141.dir/CheckIncludeFile.c.o] Error 1
make[1]: Leaving directory '/home/molle/Documents/projects/cppAudio/cmake-build-debug/CMakeFiles/CMakeTmp'
make: *** [Makefile:140: cmTC_4b141/fast] Error 2



Determining if the _aligned_malloc exist failed with the following output:
Change Dir: /home/molle/Documents/projects/cppAudio/cmake-build-debug/CMakeFiles/CMakeTmp

Run Build Command(s):make cmTC_c6aea/fast && make  -f CMakeFiles/cmTC_c6aea.dir/build.make CMakeFiles/cmTC_c6aea.dir/build
make[1]: Entering directory '/home/molle/Documents/projects/cppAudio/cmake-build-debug/CMakeFiles/CMakeTmp'
Building C object CMakeFiles/cmTC_c6aea.dir/CheckSymbolExists.c.o
/usr/bin/gcc    -o CMakeFiles/cmTC_c6aea.dir/CheckSymbolExists.c.o -c /home/molle/Documents/projects/cppAudio/cmake-build-debug/CMakeFiles/CMakeTmp/CheckSymbolExists.c
/home/molle/Documents/projects/cppAudio/cmake-build-debug/CMakeFiles/CMakeTmp/CheckSymbolExists.c: In function 'main':
/home/molle/Documents/projects/cppAudio/cmake-build-debug/CMakeFiles/CMakeTmp/CheckSymbolExists.c:8:19: error: '_aligned_malloc' undeclared (first use in this function)
    8 |   return ((int*)(&_aligned_malloc))[argc];
      |                   ^~~~~~~~~~~~~~~
/home/molle/Documents/projects/cppAudio/cmake-build-debug/CMakeFiles/CMakeTmp/CheckSymbolExists.c:8:19: note: each undeclared identifier is reported only once for each function it appears in
make[1]: *** [CMakeFiles/cmTC_c6aea.dir/build.make:85: CMakeFiles/cmTC_c6aea.dir/CheckSymbolExists.c.o] Error 1
make[1]: Leaving directory '/home/molle/Documents/projects/cppAudio/cmake-build-debug/CMakeFiles/CMakeTmp'
make: *** [Makefile:140: cmTC_c6aea/fast] Error 2


File /home/molle/Documents/projects/cppAudio/cmake-build-debug/CMakeFiles/CMakeTmp/CheckSymbolExists.c:
/* */
#include <malloc.h>

int main(int argc, char** argv)
{
  (void)argv;
#ifndef _aligned_malloc
  return ((int*)(&_aligned_malloc))[argc];
#else
  (void)argc;
  return 0;
#endif
}
Determining if the proc_pidpath exist failed with the following output:
Change Dir: /home/molle/Documents/projects/cppAudio/cmake-build-debug/CMakeFiles/CMakeTmp

Run Build Command(s):make cmTC_0c42c/fast && make  -f CMakeFiles/cmTC_0c42c.dir/build.make CMakeFiles/cmTC_0c42c.dir/build
make[1]: Entering directory '/home/molle/Documents/projects/cppAudio/cmake-build-debug/CMakeFiles/CMakeTmp'
Building C object CMakeFiles/cmTC_0c42c.dir/CheckSymbolExists.c.o
/usr/bin/gcc    -o CMakeFiles/cmTC_0c42c.dir/CheckSymbolExists.c.o -c /home/molle/Documents/projects/cppAudio/cmake-build-debug/CMakeFiles/CMakeTmp/CheckSymbolExists.c
/home/molle/Documents/projects/cppAudio/cmake-build-debug/CMakeFiles/CMakeTmp/CheckSymbolExists.c:2:10: fatal error: libproc.h: No such file or directory
    2 | #include <libproc.h>
      |          ^~~~~~~~~~~
compilation terminated.
make[1]: *** [CMakeFiles/cmTC_0c42c.dir/build.make:85: CMakeFiles/cmTC_0c42c.dir/CheckSymbolExists.c.o] Error 1
make[1]: Leaving directory '/home/molle/Documents/projects/cppAudio/cmake-build-debug/CMakeFiles/CMakeTmp'
make: *** [Makefile:140: cmTC_0c42c/fast] Error 2


File /home/molle/Documents/projects/cppAudio/cmake-build-debug/CMakeFiles/CMakeTmp/CheckSymbolExists.c:
/* */
#include <libproc.h>

int main(int argc, char** argv)
{
  (void)argv;
#ifndef proc_pidpath
  return ((int*)(&proc_pidpath))[argc];
#else
  (void)argc;
  return 0;
#endif
}
Determining if files pthread.h;pthread_np.h exist failed with the following output:
Change Dir: /home/molle/Documents/projects/cppAudio/cmake-build-debug/CMakeFiles/CMakeTmp

Run Build Command(s):make cmTC_bd2c4/fast && make  -f CMakeFiles/cmTC_bd2c4.dir/build.make CMakeFiles/cmTC_bd2c4.dir/build
make[1]: Entering directory '/home/molle/Documents/projects/cppAudio/cmake-build-debug/CMakeFiles/CMakeTmp'
Building C object CMakeFiles/cmTC_bd2c4.dir/HAVE_PTHREAD_NP_H.c.o
/usr/bin/gcc   -pthread -o CMakeFiles/cmTC_bd2c4.dir/HAVE_PTHREAD_NP_H.c.o -c /home/molle/Documents/projects/cppAudio/cmake-build-debug/CMakeFiles/CheckIncludeFiles/HAVE_PTHREAD_NP_H.c
/home/molle/Documents/projects/cppAudio/cmake-build-debug/CMakeFiles/CheckIncludeFiles/HAVE_PTHREAD_NP_H.c:3:10: fatal error: pthread_np.h: No such file or directory
    3 | #include <pthread_np.h>
      |          ^~~~~~~~~~~~~~
compilation terminated.
make[1]: *** [CMakeFiles/cmTC_bd2c4.dir/build.make:85: CMakeFiles/cmTC_bd2c4.dir/HAVE_PTHREAD_NP_H.c.o] Error 1
make[1]: Leaving directory '/home/molle/Documents/projects/cppAudio/cmake-build-debug/CMakeFiles/CMakeTmp'
make: *** [Makefile:140: cmTC_bd2c4/fast] Error 2


Source:
/* */
#include <pthread.h>
#include <pthread_np.h>


int main(void){return 0;}

Determining if the pthread_setname_np exist failed with the following output:
Change Dir: /home/molle/Documents/projects/cppAudio/cmake-build-debug/CMakeFiles/CMakeTmp

Run Build Command(s):make cmTC_4421a/fast && make  -f CMakeFiles/cmTC_4421a.dir/build.make CMakeFiles/cmTC_4421a.dir/build
make[1]: Entering directory '/home/molle/Documents/projects/cppAudio/cmake-build-debug/CMakeFiles/CMakeTmp'
Building C object CMakeFiles/cmTC_4421a.dir/CheckSymbolExists.c.o
/usr/bin/gcc   -pthread -o CMakeFiles/cmTC_4421a.dir/CheckSymbolExists.c.o -c /home/molle/Documents/projects/cppAudio/cmake-build-debug/CMakeFiles/CMakeTmp/CheckSymbolExists.c
/home/molle/Documents/projects/cppAudio/cmake-build-debug/CMakeFiles/CMakeTmp/CheckSymbolExists.c: In function 'main':
/home/molle/Documents/projects/cppAudio/cmake-build-debug/CMakeFiles/CMakeTmp/CheckSymbolExists.c:8:19: error: 'pthread_setname_np' undeclared (first use in this function); did you mean 'pthread_setcanceltype'?
    8 |   return ((int*)(&pthread_setname_np))[argc];
      |                   ^~~~~~~~~~~~~~~~~~
      |                   pthread_setcanceltype
/home/molle/Documents/projects/cppAudio/cmake-build-debug/CMakeFiles/CMakeTmp/CheckSymbolExists.c:8:19: note: each undeclared identifier is reported only once for each function it appears in
make[1]: *** [CMakeFiles/cmTC_4421a.dir/build.make:85: CMakeFiles/cmTC_4421a.dir/CheckSymbolExists.c.o] Error 1
make[1]: Leaving directory '/home/molle/Documents/projects/cppAudio/cmake-build-debug/CMakeFiles/CMakeTmp'
make: *** [Makefile:140: cmTC_4421a/fast] Error 2


File /home/molle/Documents/projects/cppAudio/cmake-build-debug/CMakeFiles/CMakeTmp/CheckSymbolExists.c:
/* */
#include <pthread.h>

int main(int argc, char** argv)
{
  (void)argv;
#ifndef pthread_setname_np
  return ((int*)(&pthread_setname_np))[argc];
#else
  (void)argc;
  return 0;
#endif
}
Determining if the pthread_set_name_np exist failed with the following output:
Change Dir: /home/molle/Documents/projects/cppAudio/cmake-build-debug/CMakeFiles/CMakeTmp

Run Build Command(s):make cmTC_796e7/fast && make  -f CMakeFiles/cmTC_796e7.dir/build.make CMakeFiles/cmTC_796e7.dir/build
make[1]: Entering directory '/home/molle/Documents/projects/cppAudio/cmake-build-debug/CMakeFiles/CMakeTmp'
Building C object CMakeFiles/cmTC_796e7.dir/CheckSymbolExists.c.o
/usr/bin/gcc   -pthread -o CMakeFiles/cmTC_796e7.dir/CheckSymbolExists.c.o -c /home/molle/Documents/projects/cppAudio/cmake-build-debug/CMakeFiles/CMakeTmp/CheckSymbolExists.c
/home/molle/Documents/projects/cppAudio/cmake-build-debug/CMakeFiles/CMakeTmp/CheckSymbolExists.c: In function 'main':
/home/molle/Documents/projects/cppAudio/cmake-build-debug/CMakeFiles/CMakeTmp/CheckSymbolExists.c:8:19: error: 'pthread_set_name_np' undeclared (first use in this function); did you mean 'pthread_setcanceltype'?
    8 |   return ((int*)(&pthread_set_name_np))[argc];
      |                   ^~~~~~~~~~~~~~~~~~~
      |                   pthread_setcanceltype
/home/molle/Documents/projects/cppAudio/cmake-build-debug/CMakeFiles/CMakeTmp/CheckSymbolExists.c:8:19: note: each undeclared identifier is reported only once for each function it appears in
make[1]: *** [CMakeFiles/cmTC_796e7.dir/build.make:85: CMakeFiles/cmTC_796e7.dir/CheckSymbolExists.c.o] Error 1
make[1]: Leaving directory '/home/molle/Documents/projects/cppAudio/cmake-build-debug/CMakeFiles/CMakeTmp'
make: *** [Makefile:140: cmTC_796e7/fast] Error 2


File /home/molle/Documents/projects/cppAudio/cmake-build-debug/CMakeFiles/CMakeTmp/CheckSymbolExists.c:
/* */
#include <pthread.h>

int main(int argc, char** argv)
{
  (void)argv;
#ifndef pthread_set_name_np
  return ((int*)(&pthread_set_name_np))[argc];
#else
  (void)argc;
  return 0;
#endif
}
