The system is: Linux - 5.11.5-arch1-1 - x86_64
Compiling the C compiler identification source file "CMakeCCompilerId.c" succeeded.
Compiler: /usr/bin/gcc 
Build flags: 
Id flags:  

The output was:
0


Compilation of the C compiler identification source "CMakeCCompilerId.c" produced "a.out"

The C compiler identification is GNU, found in "/home/molle/Documents/projects/cppAudio/cmake-build-debug/CMakeFiles/3.19.6/CompilerIdC/a.out"

Compiling the CXX compiler identification source file "CMakeCXXCompilerId.cpp" succeeded.
Compiler: /usr/bin/g++ 
Build flags: 
Id flags:  

The output was:
0


Compilation of the CXX compiler identification source "CMakeCXXCompilerId.cpp" produced "a.out"

The CXX compiler identification is GNU, found in "/home/molle/Documents/projects/cppAudio/cmake-build-debug/CMakeFiles/3.19.6/CompilerIdCXX/a.out"

Detecting C compiler ABI info compiled with the following output:
Change Dir: /home/molle/Documents/projects/cppAudio/cmake-build-debug/CMakeFiles/CMakeTmp

Run Build Command(s):make cmTC_96f91/fast && make  -f CMakeFiles/cmTC_96f91.dir/build.make CMakeFiles/cmTC_96f91.dir/build
make[1]: Entering directory '/home/molle/Documents/projects/cppAudio/cmake-build-debug/CMakeFiles/CMakeTmp'
Building C object CMakeFiles/cmTC_96f91.dir/CMakeCCompilerABI.c.o
/usr/bin/gcc   -v -o CMakeFiles/cmTC_96f91.dir/CMakeCCompilerABI.c.o -c /usr/share/cmake-3.19/Modules/CMakeCCompilerABI.c
Using built-in specs.
COLLECT_GCC=/usr/bin/gcc
Target: x86_64-pc-linux-gnu
Configured with: /build/gcc/src/gcc/configure --prefix=/usr --libdir=/usr/lib --libexecdir=/usr/lib --mandir=/usr/share/man --infodir=/usr/share/info --with-bugurl=https://bugs.archlinux.org/ --enable-languages=c,c++,ada,fortran,go,lto,objc,obj-c++,d --with-isl --with-linker-hash-style=gnu --with-system-zlib --enable-__cxa_atexit --enable-cet=auto --enable-checking=release --enable-clocale=gnu --enable-default-pie --enable-default-ssp --enable-gnu-indirect-function --enable-gnu-unique-object --enable-install-libiberty --enable-linker-build-id --enable-lto --enable-multilib --enable-plugin --enable-shared --enable-threads=posix --disable-libssp --disable-libstdcxx-pch --disable-libunwind-exceptions --disable-werror gdc_include_dir=/usr/include/dlang/gdc
Thread model: posix
Supported LTO compression algorithms: zlib zstd
gcc version 10.2.0 (GCC) 
COLLECT_GCC_OPTIONS='-v' '-o' 'CMakeFiles/cmTC_96f91.dir/CMakeCCompilerABI.c.o' '-c' '-mtune=generic' '-march=x86-64'
 /usr/lib/gcc/x86_64-pc-linux-gnu/10.2.0/cc1 -quiet -v /usr/share/cmake-3.19/Modules/CMakeCCompilerABI.c -quiet -dumpbase CMakeCCompilerABI.c -mtune=generic -march=x86-64 -auxbase-strip CMakeFiles/cmTC_96f91.dir/CMakeCCompilerABI.c.o -version -o /tmp/ccEJO6Uo.s
GNU C17 (GCC) version 10.2.0 (x86_64-pc-linux-gnu)
	compiled by GNU C version 10.2.0, GMP version 6.2.1, MPFR version 4.1.0, MPC version 1.2.1, isl version isl-0.21-GMP

GGC heuristics: --param ggc-min-expand=100 --param ggc-min-heapsize=131072
ignoring nonexistent directory "/usr/lib/gcc/x86_64-pc-linux-gnu/10.2.0/../../../../x86_64-pc-linux-gnu/include"
#include "..." search starts here:
#include <...> search starts here:
 /usr/lib/gcc/x86_64-pc-linux-gnu/10.2.0/include
 /usr/local/include
 /usr/lib/gcc/x86_64-pc-linux-gnu/10.2.0/include-fixed
 /usr/include
End of search list.
GNU C17 (GCC) version 10.2.0 (x86_64-pc-linux-gnu)
	compiled by GNU C version 10.2.0, GMP version 6.2.1, MPFR version 4.1.0, MPC version 1.2.1, isl version isl-0.21-GMP

GGC heuristics: --param ggc-min-expand=100 --param ggc-min-heapsize=131072
Compiler executable checksum: 1bfc39bab4733e0e3f89254efa5bbd30
COLLECT_GCC_OPTIONS='-v' '-o' 'CMakeFiles/cmTC_96f91.dir/CMakeCCompilerABI.c.o' '-c' '-mtune=generic' '-march=x86-64'
 as -v --64 -o CMakeFiles/cmTC_96f91.dir/CMakeCCompilerABI.c.o /tmp/ccEJO6Uo.s
GNU assembler version 2.36.1 (x86_64-pc-linux-gnu) using BFD version (GNU Binutils) 2.36.1
COMPILER_PATH=/usr/lib/gcc/x86_64-pc-linux-gnu/10.2.0/:/usr/lib/gcc/x86_64-pc-linux-gnu/10.2.0/:/usr/lib/gcc/x86_64-pc-linux-gnu/:/usr/lib/gcc/x86_64-pc-linux-gnu/10.2.0/:/usr/lib/gcc/x86_64-pc-linux-gnu/
LIBRARY_PATH=/usr/lib/gcc/x86_64-pc-linux-gnu/10.2.0/:/usr/lib/gcc/x86_64-pc-linux-gnu/10.2.0/../../../../lib/:/lib/../lib/:/usr/lib/../lib/:/usr/lib/gcc/x86_64-pc-linux-gnu/10.2.0/../../../:/lib/:/usr/lib/
COLLECT_GCC_OPTIONS='-v' '-o' 'CMakeFiles/cmTC_96f91.dir/CMakeCCompilerABI.c.o' '-c' '-mtune=generic' '-march=x86-64'
Linking C executable cmTC_96f91
/usr/bin/cmake -E cmake_link_script CMakeFiles/cmTC_96f91.dir/link.txt --verbose=1
/usr/bin/gcc  -v CMakeFiles/cmTC_96f91.dir/CMakeCCompilerABI.c.o -o cmTC_96f91 
Using built-in specs.
COLLECT_GCC=/usr/bin/gcc
COLLECT_LTO_WRAPPER=/usr/lib/gcc/x86_64-pc-linux-gnu/10.2.0/lto-wrapper
Target: x86_64-pc-linux-gnu
Configured with: /build/gcc/src/gcc/configure --prefix=/usr --libdir=/usr/lib --libexecdir=/usr/lib --mandir=/usr/share/man --infodir=/usr/share/info --with-bugurl=https://bugs.archlinux.org/ --enable-languages=c,c++,ada,fortran,go,lto,objc,obj-c++,d --with-isl --with-linker-hash-style=gnu --with-system-zlib --enable-__cxa_atexit --enable-cet=auto --enable-checking=release --enable-clocale=gnu --enable-default-pie --enable-default-ssp --enable-gnu-indirect-function --enable-gnu-unique-object --enable-install-libiberty --enable-linker-build-id --enable-lto --enable-multilib --enable-plugin --enable-shared --enable-threads=posix --disable-libssp --disable-libstdcxx-pch --disable-libunwind-exceptions --disable-werror gdc_include_dir=/usr/include/dlang/gdc
Thread model: posix
Supported LTO compression algorithms: zlib zstd
gcc version 10.2.0 (GCC) 
COMPILER_PATH=/usr/lib/gcc/x86_64-pc-linux-gnu/10.2.0/:/usr/lib/gcc/x86_64-pc-linux-gnu/10.2.0/:/usr/lib/gcc/x86_64-pc-linux-gnu/:/usr/lib/gcc/x86_64-pc-linux-gnu/10.2.0/:/usr/lib/gcc/x86_64-pc-linux-gnu/
LIBRARY_PATH=/usr/lib/gcc/x86_64-pc-linux-gnu/10.2.0/:/usr/lib/gcc/x86_64-pc-linux-gnu/10.2.0/../../../../lib/:/lib/../lib/:/usr/lib/../lib/:/usr/lib/gcc/x86_64-pc-linux-gnu/10.2.0/../../../:/lib/:/usr/lib/
COLLECT_GCC_OPTIONS='-v' '-o' 'cmTC_96f91' '-mtune=generic' '-march=x86-64'
 /usr/lib/gcc/x86_64-pc-linux-gnu/10.2.0/collect2 -plugin /usr/lib/gcc/x86_64-pc-linux-gnu/10.2.0/liblto_plugin.so -plugin-opt=/usr/lib/gcc/x86_64-pc-linux-gnu/10.2.0/lto-wrapper -plugin-opt=-fresolution=/tmp/cck33KTu.res -plugin-opt=-pass-through=-lgcc -plugin-opt=-pass-through=-lgcc_s -plugin-opt=-pass-through=-lc -plugin-opt=-pass-through=-lgcc -plugin-opt=-pass-through=-lgcc_s --build-id --eh-frame-hdr --hash-style=gnu -m elf_x86_64 -dynamic-linker /lib64/ld-linux-x86-64.so.2 -pie -o cmTC_96f91 /usr/lib/gcc/x86_64-pc-linux-gnu/10.2.0/../../../../lib/Scrt1.o /usr/lib/gcc/x86_64-pc-linux-gnu/10.2.0/../../../../lib/crti.o /usr/lib/gcc/x86_64-pc-linux-gnu/10.2.0/crtbeginS.o -L/usr/lib/gcc/x86_64-pc-linux-gnu/10.2.0 -L/usr/lib/gcc/x86_64-pc-linux-gnu/10.2.0/../../../../lib -L/lib/../lib -L/usr/lib/../lib -L/usr/lib/gcc/x86_64-pc-linux-gnu/10.2.0/../../.. CMakeFiles/cmTC_96f91.dir/CMakeCCompilerABI.c.o -lgcc --push-state --as-needed -lgcc_s --pop-state -lc -lgcc --push-state --as-needed -lgcc_s --pop-state /usr/lib/gcc/x86_64-pc-linux-gnu/10.2.0/crtendS.o /usr/lib/gcc/x86_64-pc-linux-gnu/10.2.0/../../../../lib/crtn.o
COLLECT_GCC_OPTIONS='-v' '-o' 'cmTC_96f91' '-mtune=generic' '-march=x86-64'
make[1]: Leaving directory '/home/molle/Documents/projects/cppAudio/cmake-build-debug/CMakeFiles/CMakeTmp'



Parsed C implicit include dir info from above output: rv=done
  found start of include info
  found start of implicit include info
    add: [/usr/lib/gcc/x86_64-pc-linux-gnu/10.2.0/include]
    add: [/usr/local/include]
    add: [/usr/lib/gcc/x86_64-pc-linux-gnu/10.2.0/include-fixed]
    add: [/usr/include]
  end of search list found
  collapse include dir [/usr/lib/gcc/x86_64-pc-linux-gnu/10.2.0/include] ==> [/usr/lib/gcc/x86_64-pc-linux-gnu/10.2.0/include]
  collapse include dir [/usr/local/include] ==> [/usr/local/include]
  collapse include dir [/usr/lib/gcc/x86_64-pc-linux-gnu/10.2.0/include-fixed] ==> [/usr/lib/gcc/x86_64-pc-linux-gnu/10.2.0/include-fixed]
  collapse include dir [/usr/include] ==> [/usr/include]
  implicit include dirs: [/usr/lib/gcc/x86_64-pc-linux-gnu/10.2.0/include;/usr/local/include;/usr/lib/gcc/x86_64-pc-linux-gnu/10.2.0/include-fixed;/usr/include]


Parsed C implicit link information from above output:
  link line regex: [^( *|.*[/\])(ld|CMAKE_LINK_STARTFILE-NOTFOUND|([^/\]+-)?ld|collect2)[^/\]*( |$)]
  ignore line: [Change Dir: /home/molle/Documents/projects/cppAudio/cmake-build-debug/CMakeFiles/CMakeTmp]
  ignore line: []
  ignore line: [Run Build Command(s):make cmTC_96f91/fast && make  -f CMakeFiles/cmTC_96f91.dir/build.make CMakeFiles/cmTC_96f91.dir/build]
  ignore line: [make[1]: Entering directory '/home/molle/Documents/projects/cppAudio/cmake-build-debug/CMakeFiles/CMakeTmp']
  ignore line: [Building C object CMakeFiles/cmTC_96f91.dir/CMakeCCompilerABI.c.o]
  ignore line: [/usr/bin/gcc   -v -o CMakeFiles/cmTC_96f91.dir/CMakeCCompilerABI.c.o -c /usr/share/cmake-3.19/Modules/CMakeCCompilerABI.c]
  ignore line: [Using built-in specs.]
  ignore line: [COLLECT_GCC=/usr/bin/gcc]
  ignore line: [Target: x86_64-pc-linux-gnu]
  ignore line: [Configured with: /build/gcc/src/gcc/configure --prefix=/usr --libdir=/usr/lib --libexecdir=/usr/lib --mandir=/usr/share/man --infodir=/usr/share/info --with-bugurl=https://bugs.archlinux.org/ --enable-languages=c c++ ada fortran go lto objc obj-c++ d --with-isl --with-linker-hash-style=gnu --with-system-zlib --enable-__cxa_atexit --enable-cet=auto --enable-checking=release --enable-clocale=gnu --enable-default-pie --enable-default-ssp --enable-gnu-indirect-function --enable-gnu-unique-object --enable-install-libiberty --enable-linker-build-id --enable-lto --enable-multilib --enable-plugin --enable-shared --enable-threads=posix --disable-libssp --disable-libstdcxx-pch --disable-libunwind-exceptions --disable-werror gdc_include_dir=/usr/include/dlang/gdc]
  ignore line: [Thread model: posix]
  ignore line: [Supported LTO compression algorithms: zlib zstd]
  ignore line: [gcc version 10.2.0 (GCC) ]
  ignore line: [COLLECT_GCC_OPTIONS='-v' '-o' 'CMakeFiles/cmTC_96f91.dir/CMakeCCompilerABI.c.o' '-c' '-mtune=generic' '-march=x86-64']
  ignore line: [ /usr/lib/gcc/x86_64-pc-linux-gnu/10.2.0/cc1 -quiet -v /usr/share/cmake-3.19/Modules/CMakeCCompilerABI.c -quiet -dumpbase CMakeCCompilerABI.c -mtune=generic -march=x86-64 -auxbase-strip CMakeFiles/cmTC_96f91.dir/CMakeCCompilerABI.c.o -version -o /tmp/ccEJO6Uo.s]
  ignore line: [GNU C17 (GCC) version 10.2.0 (x86_64-pc-linux-gnu)]
  ignore line: [	compiled by GNU C version 10.2.0  GMP version 6.2.1  MPFR version 4.1.0  MPC version 1.2.1  isl version isl-0.21-GMP]
  ignore line: []
  ignore line: [GGC heuristics: --param ggc-min-expand=100 --param ggc-min-heapsize=131072]
  ignore line: [ignoring nonexistent directory "/usr/lib/gcc/x86_64-pc-linux-gnu/10.2.0/../../../../x86_64-pc-linux-gnu/include"]
  ignore line: [#include "..." search starts here:]
  ignore line: [#include <...> search starts here:]
  ignore line: [ /usr/lib/gcc/x86_64-pc-linux-gnu/10.2.0/include]
  ignore line: [ /usr/local/include]
  ignore line: [ /usr/lib/gcc/x86_64-pc-linux-gnu/10.2.0/include-fixed]
  ignore line: [ /usr/include]
  ignore line: [End of search list.]
  ignore line: [GNU C17 (GCC) version 10.2.0 (x86_64-pc-linux-gnu)]
  ignore line: [	compiled by GNU C version 10.2.0  GMP version 6.2.1  MPFR version 4.1.0  MPC version 1.2.1  isl version isl-0.21-GMP]
  ignore line: []
  ignore line: [GGC heuristics: --param ggc-min-expand=100 --param ggc-min-heapsize=131072]
  ignore line: [Compiler executable checksum: 1bfc39bab4733e0e3f89254efa5bbd30]
  ignore line: [COLLECT_GCC_OPTIONS='-v' '-o' 'CMakeFiles/cmTC_96f91.dir/CMakeCCompilerABI.c.o' '-c' '-mtune=generic' '-march=x86-64']
  ignore line: [ as -v --64 -o CMakeFiles/cmTC_96f91.dir/CMakeCCompilerABI.c.o /tmp/ccEJO6Uo.s]
  ignore line: [GNU assembler version 2.36.1 (x86_64-pc-linux-gnu) using BFD version (GNU Binutils) 2.36.1]
  ignore line: [COMPILER_PATH=/usr/lib/gcc/x86_64-pc-linux-gnu/10.2.0/:/usr/lib/gcc/x86_64-pc-linux-gnu/10.2.0/:/usr/lib/gcc/x86_64-pc-linux-gnu/:/usr/lib/gcc/x86_64-pc-linux-gnu/10.2.0/:/usr/lib/gcc/x86_64-pc-linux-gnu/]
  ignore line: [LIBRARY_PATH=/usr/lib/gcc/x86_64-pc-linux-gnu/10.2.0/:/usr/lib/gcc/x86_64-pc-linux-gnu/10.2.0/../../../../lib/:/lib/../lib/:/usr/lib/../lib/:/usr/lib/gcc/x86_64-pc-linux-gnu/10.2.0/../../../:/lib/:/usr/lib/]
  ignore line: [COLLECT_GCC_OPTIONS='-v' '-o' 'CMakeFiles/cmTC_96f91.dir/CMakeCCompilerABI.c.o' '-c' '-mtune=generic' '-march=x86-64']
  ignore line: [Linking C executable cmTC_96f91]
  ignore line: [/usr/bin/cmake -E cmake_link_script CMakeFiles/cmTC_96f91.dir/link.txt --verbose=1]
  ignore line: [/usr/bin/gcc  -v CMakeFiles/cmTC_96f91.dir/CMakeCCompilerABI.c.o -o cmTC_96f91 ]
  ignore line: [Using built-in specs.]
  ignore line: [COLLECT_GCC=/usr/bin/gcc]
  ignore line: [COLLECT_LTO_WRAPPER=/usr/lib/gcc/x86_64-pc-linux-gnu/10.2.0/lto-wrapper]
  ignore line: [Target: x86_64-pc-linux-gnu]
  ignore line: [Configured with: /build/gcc/src/gcc/configure --prefix=/usr --libdir=/usr/lib --libexecdir=/usr/lib --mandir=/usr/share/man --infodir=/usr/share/info --with-bugurl=https://bugs.archlinux.org/ --enable-languages=c c++ ada fortran go lto objc obj-c++ d --with-isl --with-linker-hash-style=gnu --with-system-zlib --enable-__cxa_atexit --enable-cet=auto --enable-checking=release --enable-clocale=gnu --enable-default-pie --enable-default-ssp --enable-gnu-indirect-function --enable-gnu-unique-object --enable-install-libiberty --enable-linker-build-id --enable-lto --enable-multilib --enable-plugin --enable-shared --enable-threads=posix --disable-libssp --disable-libstdcxx-pch --disable-libunwind-exceptions --disable-werror gdc_include_dir=/usr/include/dlang/gdc]
  ignore line: [Thread model: posix]
  ignore line: [Supported LTO compression algorithms: zlib zstd]
  ignore line: [gcc version 10.2.0 (GCC) ]
  ignore line: [COMPILER_PATH=/usr/lib/gcc/x86_64-pc-linux-gnu/10.2.0/:/usr/lib/gcc/x86_64-pc-linux-gnu/10.2.0/:/usr/lib/gcc/x86_64-pc-linux-gnu/:/usr/lib/gcc/x86_64-pc-linux-gnu/10.2.0/:/usr/lib/gcc/x86_64-pc-linux-gnu/]
  ignore line: [LIBRARY_PATH=/usr/lib/gcc/x86_64-pc-linux-gnu/10.2.0/:/usr/lib/gcc/x86_64-pc-linux-gnu/10.2.0/../../../../lib/:/lib/../lib/:/usr/lib/../lib/:/usr/lib/gcc/x86_64-pc-linux-gnu/10.2.0/../../../:/lib/:/usr/lib/]
  ignore line: [COLLECT_GCC_OPTIONS='-v' '-o' 'cmTC_96f91' '-mtune=generic' '-march=x86-64']
  link line: [ /usr/lib/gcc/x86_64-pc-linux-gnu/10.2.0/collect2 -plugin /usr/lib/gcc/x86_64-pc-linux-gnu/10.2.0/liblto_plugin.so -plugin-opt=/usr/lib/gcc/x86_64-pc-linux-gnu/10.2.0/lto-wrapper -plugin-opt=-fresolution=/tmp/cck33KTu.res -plugin-opt=-pass-through=-lgcc -plugin-opt=-pass-through=-lgcc_s -plugin-opt=-pass-through=-lc -plugin-opt=-pass-through=-lgcc -plugin-opt=-pass-through=-lgcc_s --build-id --eh-frame-hdr --hash-style=gnu -m elf_x86_64 -dynamic-linker /lib64/ld-linux-x86-64.so.2 -pie -o cmTC_96f91 /usr/lib/gcc/x86_64-pc-linux-gnu/10.2.0/../../../../lib/Scrt1.o /usr/lib/gcc/x86_64-pc-linux-gnu/10.2.0/../../../../lib/crti.o /usr/lib/gcc/x86_64-pc-linux-gnu/10.2.0/crtbeginS.o -L/usr/lib/gcc/x86_64-pc-linux-gnu/10.2.0 -L/usr/lib/gcc/x86_64-pc-linux-gnu/10.2.0/../../../../lib -L/lib/../lib -L/usr/lib/../lib -L/usr/lib/gcc/x86_64-pc-linux-gnu/10.2.0/../../.. CMakeFiles/cmTC_96f91.dir/CMakeCCompilerABI.c.o -lgcc --push-state --as-needed -lgcc_s --pop-state -lc -lgcc --push-state --as-needed -lgcc_s --pop-state /usr/lib/gcc/x86_64-pc-linux-gnu/10.2.0/crtendS.o /usr/lib/gcc/x86_64-pc-linux-gnu/10.2.0/../../../../lib/crtn.o]
    arg [/usr/lib/gcc/x86_64-pc-linux-gnu/10.2.0/collect2] ==> ignore
    arg [-plugin] ==> ignore
    arg [/usr/lib/gcc/x86_64-pc-linux-gnu/10.2.0/liblto_plugin.so] ==> ignore
    arg [-plugin-opt=/usr/lib/gcc/x86_64-pc-linux-gnu/10.2.0/lto-wrapper] ==> ignore
    arg [-plugin-opt=-fresolution=/tmp/cck33KTu.res] ==> ignore
    arg [-plugin-opt=-pass-through=-lgcc] ==> ignore
    arg [-plugin-opt=-pass-through=-lgcc_s] ==> ignore
    arg [-plugin-opt=-pass-through=-lc] ==> ignore
    arg [-plugin-opt=-pass-through=-lgcc] ==> ignore
    arg [-plugin-opt=-pass-through=-lgcc_s] ==> ignore
    arg [--build-id] ==> ignore
    arg [--eh-frame-hdr] ==> ignore
    arg [--hash-style=gnu] ==> ignore
    arg [-m] ==> ignore
    arg [elf_x86_64] ==> ignore
    arg [-dynamic-linker] ==> ignore
    arg [/lib64/ld-linux-x86-64.so.2] ==> ignore
    arg [-pie] ==> ignore
    arg [-o] ==> ignore
    arg [cmTC_96f91] ==> ignore
    arg [/usr/lib/gcc/x86_64-pc-linux-gnu/10.2.0/../../../../lib/Scrt1.o] ==> ignore
    arg [/usr/lib/gcc/x86_64-pc-linux-gnu/10.2.0/../../../../lib/crti.o] ==> ignore
    arg [/usr/lib/gcc/x86_64-pc-linux-gnu/10.2.0/crtbeginS.o] ==> ignore
    arg [-L/usr/lib/gcc/x86_64-pc-linux-gnu/10.2.0] ==> dir [/usr/lib/gcc/x86_64-pc-linux-gnu/10.2.0]
    arg [-L/usr/lib/gcc/x86_64-pc-linux-gnu/10.2.0/../../../../lib] ==> dir [/usr/lib/gcc/x86_64-pc-linux-gnu/10.2.0/../../../../lib]
    arg [-L/lib/../lib] ==> dir [/lib/../lib]
    arg [-L/usr/lib/../lib] ==> dir [/usr/lib/../lib]
    arg [-L/usr/lib/gcc/x86_64-pc-linux-gnu/10.2.0/../../..] ==> dir [/usr/lib/gcc/x86_64-pc-linux-gnu/10.2.0/../../..]
    arg [CMakeFiles/cmTC_96f91.dir/CMakeCCompilerABI.c.o] ==> ignore
    arg [-lgcc] ==> lib [gcc]
    arg [--push-state] ==> ignore
    arg [--as-needed] ==> ignore
    arg [-lgcc_s] ==> lib [gcc_s]
    arg [--pop-state] ==> ignore
    arg [-lc] ==> lib [c]
    arg [-lgcc] ==> lib [gcc]
    arg [--push-state] ==> ignore
    arg [--as-needed] ==> ignore
    arg [-lgcc_s] ==> lib [gcc_s]
    arg [--pop-state] ==> ignore
    arg [/usr/lib/gcc/x86_64-pc-linux-gnu/10.2.0/crtendS.o] ==> ignore
    arg [/usr/lib/gcc/x86_64-pc-linux-gnu/10.2.0/../../../../lib/crtn.o] ==> ignore
  collapse library dir [/usr/lib/gcc/x86_64-pc-linux-gnu/10.2.0] ==> [/usr/lib/gcc/x86_64-pc-linux-gnu/10.2.0]
  collapse library dir [/usr/lib/gcc/x86_64-pc-linux-gnu/10.2.0/../../../../lib] ==> [/usr/lib]
  collapse library dir [/lib/../lib] ==> [/lib]
  collapse library dir [/usr/lib/../lib] ==> [/usr/lib]
  collapse library dir [/usr/lib/gcc/x86_64-pc-linux-gnu/10.2.0/../../..] ==> [/usr/lib]
  implicit libs: [gcc;gcc_s;c;gcc;gcc_s]
  implicit dirs: [/usr/lib/gcc/x86_64-pc-linux-gnu/10.2.0;/usr/lib;/lib]
  implicit fwks: []


Detecting CXX compiler ABI info compiled with the following output:
Change Dir: /home/molle/Documents/projects/cppAudio/cmake-build-debug/CMakeFiles/CMakeTmp

Run Build Command(s):make cmTC_27085/fast && make  -f CMakeFiles/cmTC_27085.dir/build.make CMakeFiles/cmTC_27085.dir/build
make[1]: Entering directory '/home/molle/Documents/projects/cppAudio/cmake-build-debug/CMakeFiles/CMakeTmp'
Building CXX object CMakeFiles/cmTC_27085.dir/CMakeCXXCompilerABI.cpp.o
/usr/bin/g++   -v -o CMakeFiles/cmTC_27085.dir/CMakeCXXCompilerABI.cpp.o -c /usr/share/cmake-3.19/Modules/CMakeCXXCompilerABI.cpp
Using built-in specs.
COLLECT_GCC=/usr/bin/g++
Target: x86_64-pc-linux-gnu
Configured with: /build/gcc/src/gcc/configure --prefix=/usr --libdir=/usr/lib --libexecdir=/usr/lib --mandir=/usr/share/man --infodir=/usr/share/info --with-bugurl=https://bugs.archlinux.org/ --enable-languages=c,c++,ada,fortran,go,lto,objc,obj-c++,d --with-isl --with-linker-hash-style=gnu --with-system-zlib --enable-__cxa_atexit --enable-cet=auto --enable-checking=release --enable-clocale=gnu --enable-default-pie --enable-default-ssp --enable-gnu-indirect-function --enable-gnu-unique-object --enable-install-libiberty --enable-linker-build-id --enable-lto --enable-multilib --enable-plugin --enable-shared --enable-threads=posix --disable-libssp --disable-libstdcxx-pch --disable-libunwind-exceptions --disable-werror gdc_include_dir=/usr/include/dlang/gdc
Thread model: posix
Supported LTO compression algorithms: zlib zstd
gcc version 10.2.0 (GCC) 
COLLECT_GCC_OPTIONS='-v' '-o' 'CMakeFiles/cmTC_27085.dir/CMakeCXXCompilerABI.cpp.o' '-c' '-shared-libgcc' '-mtune=generic' '-march=x86-64'
 /usr/lib/gcc/x86_64-pc-linux-gnu/10.2.0/cc1plus -quiet -v -D_GNU_SOURCE /usr/share/cmake-3.19/Modules/CMakeCXXCompilerABI.cpp -quiet -dumpbase CMakeCXXCompilerABI.cpp -mtune=generic -march=x86-64 -auxbase-strip CMakeFiles/cmTC_27085.dir/CMakeCXXCompilerABI.cpp.o -version -o /tmp/ccVYsh14.s
GNU C++14 (GCC) version 10.2.0 (x86_64-pc-linux-gnu)
	compiled by GNU C version 10.2.0, GMP version 6.2.1, MPFR version 4.1.0, MPC version 1.2.1, isl version isl-0.21-GMP

GGC heuristics: --param ggc-min-expand=100 --param ggc-min-heapsize=131072
ignoring nonexistent directory "/usr/lib/gcc/x86_64-pc-linux-gnu/10.2.0/../../../../x86_64-pc-linux-gnu/include"
#include "..." search starts here:
#include <...> search starts here:
 /usr/lib/gcc/x86_64-pc-linux-gnu/10.2.0/../../../../include/c++/10.2.0
 /usr/lib/gcc/x86_64-pc-linux-gnu/10.2.0/../../../../include/c++/10.2.0/x86_64-pc-linux-gnu
 /usr/lib/gcc/x86_64-pc-linux-gnu/10.2.0/../../../../include/c++/10.2.0/backward
 /usr/lib/gcc/x86_64-pc-linux-gnu/10.2.0/include
 /usr/local/include
 /usr/lib/gcc/x86_64-pc-linux-gnu/10.2.0/include-fixed
 /usr/include
End of search list.
GNU C++14 (GCC) version 10.2.0 (x86_64-pc-linux-gnu)
	compiled by GNU C version 10.2.0, GMP version 6.2.1, MPFR version 4.1.0, MPC version 1.2.1, isl version isl-0.21-GMP

GGC heuristics: --param ggc-min-expand=100 --param ggc-min-heapsize=131072
Compiler executable checksum: f27fb68878a84470810fd2057eccecc9
COLLECT_GCC_OPTIONS='-v' '-o' 'CMakeFiles/cmTC_27085.dir/CMakeCXXCompilerABI.cpp.o' '-c' '-shared-libgcc' '-mtune=generic' '-march=x86-64'
 as -v --64 -o CMakeFiles/cmTC_27085.dir/CMakeCXXCompilerABI.cpp.o /tmp/ccVYsh14.s
GNU assembler version 2.36.1 (x86_64-pc-linux-gnu) using BFD version (GNU Binutils) 2.36.1
COMPILER_PATH=/usr/lib/gcc/x86_64-pc-linux-gnu/10.2.0/:/usr/lib/gcc/x86_64-pc-linux-gnu/10.2.0/:/usr/lib/gcc/x86_64-pc-linux-gnu/:/usr/lib/gcc/x86_64-pc-linux-gnu/10.2.0/:/usr/lib/gcc/x86_64-pc-linux-gnu/
LIBRARY_PATH=/usr/lib/gcc/x86_64-pc-linux-gnu/10.2.0/:/usr/lib/gcc/x86_64-pc-linux-gnu/10.2.0/../../../../lib/:/lib/../lib/:/usr/lib/../lib/:/usr/lib/gcc/x86_64-pc-linux-gnu/10.2.0/../../../:/lib/:/usr/lib/
COLLECT_GCC_OPTIONS='-v' '-o' 'CMakeFiles/cmTC_27085.dir/CMakeCXXCompilerABI.cpp.o' '-c' '-shared-libgcc' '-mtune=generic' '-march=x86-64'
Linking CXX executable cmTC_27085
/usr/bin/cmake -E cmake_link_script CMakeFiles/cmTC_27085.dir/link.txt --verbose=1
/usr/bin/g++  -v CMakeFiles/cmTC_27085.dir/CMakeCXXCompilerABI.cpp.o -o cmTC_27085 
Using built-in specs.
COLLECT_GCC=/usr/bin/g++
COLLECT_LTO_WRAPPER=/usr/lib/gcc/x86_64-pc-linux-gnu/10.2.0/lto-wrapper
Target: x86_64-pc-linux-gnu
Configured with: /build/gcc/src/gcc/configure --prefix=/usr --libdir=/usr/lib --libexecdir=/usr/lib --mandir=/usr/share/man --infodir=/usr/share/info --with-bugurl=https://bugs.archlinux.org/ --enable-languages=c,c++,ada,fortran,go,lto,objc,obj-c++,d --with-isl --with-linker-hash-style=gnu --with-system-zlib --enable-__cxa_atexit --enable-cet=auto --enable-checking=release --enable-clocale=gnu --enable-default-pie --enable-default-ssp --enable-gnu-indirect-function --enable-gnu-unique-object --enable-install-libiberty --enable-linker-build-id --enable-lto --enable-multilib --enable-plugin --enable-shared --enable-threads=posix --disable-libssp --disable-libstdcxx-pch --disable-libunwind-exceptions --disable-werror gdc_include_dir=/usr/include/dlang/gdc
Thread model: posix
Supported LTO compression algorithms: zlib zstd
gcc version 10.2.0 (GCC) 
COMPILER_PATH=/usr/lib/gcc/x86_64-pc-linux-gnu/10.2.0/:/usr/lib/gcc/x86_64-pc-linux-gnu/10.2.0/:/usr/lib/gcc/x86_64-pc-linux-gnu/:/usr/lib/gcc/x86_64-pc-linux-gnu/10.2.0/:/usr/lib/gcc/x86_64-pc-linux-gnu/
LIBRARY_PATH=/usr/lib/gcc/x86_64-pc-linux-gnu/10.2.0/:/usr/lib/gcc/x86_64-pc-linux-gnu/10.2.0/../../../../lib/:/lib/../lib/:/usr/lib/../lib/:/usr/lib/gcc/x86_64-pc-linux-gnu/10.2.0/../../../:/lib/:/usr/lib/
COLLECT_GCC_OPTIONS='-v' '-o' 'cmTC_27085' '-shared-libgcc' '-mtune=generic' '-march=x86-64'
 /usr/lib/gcc/x86_64-pc-linux-gnu/10.2.0/collect2 -plugin /usr/lib/gcc/x86_64-pc-linux-gnu/10.2.0/liblto_plugin.so -plugin-opt=/usr/lib/gcc/x86_64-pc-linux-gnu/10.2.0/lto-wrapper -plugin-opt=-fresolution=/tmp/ccTVlZiT.res -plugin-opt=-pass-through=-lgcc_s -plugin-opt=-pass-through=-lgcc -plugin-opt=-pass-through=-lc -plugin-opt=-pass-through=-lgcc_s -plugin-opt=-pass-through=-lgcc --build-id --eh-frame-hdr --hash-style=gnu -m elf_x86_64 -dynamic-linker /lib64/ld-linux-x86-64.so.2 -pie -o cmTC_27085 /usr/lib/gcc/x86_64-pc-linux-gnu/10.2.0/../../../../lib/Scrt1.o /usr/lib/gcc/x86_64-pc-linux-gnu/10.2.0/../../../../lib/crti.o /usr/lib/gcc/x86_64-pc-linux-gnu/10.2.0/crtbeginS.o -L/usr/lib/gcc/x86_64-pc-linux-gnu/10.2.0 -L/usr/lib/gcc/x86_64-pc-linux-gnu/10.2.0/../../../../lib -L/lib/../lib -L/usr/lib/../lib -L/usr/lib/gcc/x86_64-pc-linux-gnu/10.2.0/../../.. CMakeFiles/cmTC_27085.dir/CMakeCXXCompilerABI.cpp.o -lstdc++ -lm -lgcc_s -lgcc -lc -lgcc_s -lgcc /usr/lib/gcc/x86_64-pc-linux-gnu/10.2.0/crtendS.o /usr/lib/gcc/x86_64-pc-linux-gnu/10.2.0/../../../../lib/crtn.o
COLLECT_GCC_OPTIONS='-v' '-o' 'cmTC_27085' '-shared-libgcc' '-mtune=generic' '-march=x86-64'
make[1]: Leaving directory '/home/molle/Documents/projects/cppAudio/cmake-build-debug/CMakeFiles/CMakeTmp'



Parsed CXX implicit include dir info from above output: rv=done
  found start of include info
  found start of implicit include info
    add: [/usr/lib/gcc/x86_64-pc-linux-gnu/10.2.0/../../../../include/c++/10.2.0]
    add: [/usr/lib/gcc/x86_64-pc-linux-gnu/10.2.0/../../../../include/c++/10.2.0/x86_64-pc-linux-gnu]
    add: [/usr/lib/gcc/x86_64-pc-linux-gnu/10.2.0/../../../../include/c++/10.2.0/backward]
    add: [/usr/lib/gcc/x86_64-pc-linux-gnu/10.2.0/include]
    add: [/usr/local/include]
    add: [/usr/lib/gcc/x86_64-pc-linux-gnu/10.2.0/include-fixed]
    add: [/usr/include]
  end of search list found
  collapse include dir [/usr/lib/gcc/x86_64-pc-linux-gnu/10.2.0/../../../../include/c++/10.2.0] ==> [/usr/include/c++/10.2.0]
  collapse include dir [/usr/lib/gcc/x86_64-pc-linux-gnu/10.2.0/../../../../include/c++/10.2.0/x86_64-pc-linux-gnu] ==> [/usr/include/c++/10.2.0/x86_64-pc-linux-gnu]
  collapse include dir [/usr/lib/gcc/x86_64-pc-linux-gnu/10.2.0/../../../../include/c++/10.2.0/backward] ==> [/usr/include/c++/10.2.0/backward]
  collapse include dir [/usr/lib/gcc/x86_64-pc-linux-gnu/10.2.0/include] ==> [/usr/lib/gcc/x86_64-pc-linux-gnu/10.2.0/include]
  collapse include dir [/usr/local/include] ==> [/usr/local/include]
  collapse include dir [/usr/lib/gcc/x86_64-pc-linux-gnu/10.2.0/include-fixed] ==> [/usr/lib/gcc/x86_64-pc-linux-gnu/10.2.0/include-fixed]
  collapse include dir [/usr/include] ==> [/usr/include]
  implicit include dirs: [/usr/include/c++/10.2.0;/usr/include/c++/10.2.0/x86_64-pc-linux-gnu;/usr/include/c++/10.2.0/backward;/usr/lib/gcc/x86_64-pc-linux-gnu/10.2.0/include;/usr/local/include;/usr/lib/gcc/x86_64-pc-linux-gnu/10.2.0/include-fixed;/usr/include]


Parsed CXX implicit link information from above output:
  link line regex: [^( *|.*[/\])(ld|CMAKE_LINK_STARTFILE-NOTFOUND|([^/\]+-)?ld|collect2)[^/\]*( |$)]
  ignore line: [Change Dir: /home/molle/Documents/projects/cppAudio/cmake-build-debug/CMakeFiles/CMakeTmp]
  ignore line: []
  ignore line: [Run Build Command(s):make cmTC_27085/fast && make  -f CMakeFiles/cmTC_27085.dir/build.make CMakeFiles/cmTC_27085.dir/build]
  ignore line: [make[1]: Entering directory '/home/molle/Documents/projects/cppAudio/cmake-build-debug/CMakeFiles/CMakeTmp']
  ignore line: [Building CXX object CMakeFiles/cmTC_27085.dir/CMakeCXXCompilerABI.cpp.o]
  ignore line: [/usr/bin/g++   -v -o CMakeFiles/cmTC_27085.dir/CMakeCXXCompilerABI.cpp.o -c /usr/share/cmake-3.19/Modules/CMakeCXXCompilerABI.cpp]
  ignore line: [Using built-in specs.]
  ignore line: [COLLECT_GCC=/usr/bin/g++]
  ignore line: [Target: x86_64-pc-linux-gnu]
  ignore line: [Configured with: /build/gcc/src/gcc/configure --prefix=/usr --libdir=/usr/lib --libexecdir=/usr/lib --mandir=/usr/share/man --infodir=/usr/share/info --with-bugurl=https://bugs.archlinux.org/ --enable-languages=c c++ ada fortran go lto objc obj-c++ d --with-isl --with-linker-hash-style=gnu --with-system-zlib --enable-__cxa_atexit --enable-cet=auto --enable-checking=release --enable-clocale=gnu --enable-default-pie --enable-default-ssp --enable-gnu-indirect-function --enable-gnu-unique-object --enable-install-libiberty --enable-linker-build-id --enable-lto --enable-multilib --enable-plugin --enable-shared --enable-threads=posix --disable-libssp --disable-libstdcxx-pch --disable-libunwind-exceptions --disable-werror gdc_include_dir=/usr/include/dlang/gdc]
  ignore line: [Thread model: posix]
  ignore line: [Supported LTO compression algorithms: zlib zstd]
  ignore line: [gcc version 10.2.0 (GCC) ]
  ignore line: [COLLECT_GCC_OPTIONS='-v' '-o' 'CMakeFiles/cmTC_27085.dir/CMakeCXXCompilerABI.cpp.o' '-c' '-shared-libgcc' '-mtune=generic' '-march=x86-64']
  ignore line: [ /usr/lib/gcc/x86_64-pc-linux-gnu/10.2.0/cc1plus -quiet -v -D_GNU_SOURCE /usr/share/cmake-3.19/Modules/CMakeCXXCompilerABI.cpp -quiet -dumpbase CMakeCXXCompilerABI.cpp -mtune=generic -march=x86-64 -auxbase-strip CMakeFiles/cmTC_27085.dir/CMakeCXXCompilerABI.cpp.o -version -o /tmp/ccVYsh14.s]
  ignore line: [GNU C++14 (GCC) version 10.2.0 (x86_64-pc-linux-gnu)]
  ignore line: [	compiled by GNU C version 10.2.0  GMP version 6.2.1  MPFR version 4.1.0  MPC version 1.2.1  isl version isl-0.21-GMP]
  ignore line: []
  ignore line: [GGC heuristics: --param ggc-min-expand=100 --param ggc-min-heapsize=131072]
  ignore line: [ignoring nonexistent directory "/usr/lib/gcc/x86_64-pc-linux-gnu/10.2.0/../../../../x86_64-pc-linux-gnu/include"]
  ignore line: [#include "..." search starts here:]
  ignore line: [#include <...> search starts here:]
  ignore line: [ /usr/lib/gcc/x86_64-pc-linux-gnu/10.2.0/../../../../include/c++/10.2.0]
  ignore line: [ /usr/lib/gcc/x86_64-pc-linux-gnu/10.2.0/../../../../include/c++/10.2.0/x86_64-pc-linux-gnu]
  ignore line: [ /usr/lib/gcc/x86_64-pc-linux-gnu/10.2.0/../../../../include/c++/10.2.0/backward]
  ignore line: [ /usr/lib/gcc/x86_64-pc-linux-gnu/10.2.0/include]
  ignore line: [ /usr/local/include]
  ignore line: [ /usr/lib/gcc/x86_64-pc-linux-gnu/10.2.0/include-fixed]
  ignore line: [ /usr/include]
  ignore line: [End of search list.]
  ignore line: [GNU C++14 (GCC) version 10.2.0 (x86_64-pc-linux-gnu)]
  ignore line: [	compiled by GNU C version 10.2.0  GMP version 6.2.1  MPFR version 4.1.0  MPC version 1.2.1  isl version isl-0.21-GMP]
  ignore line: []
  ignore line: [GGC heuristics: --param ggc-min-expand=100 --param ggc-min-heapsize=131072]
  ignore line: [Compiler executable checksum: f27fb68878a84470810fd2057eccecc9]
  ignore line: [COLLECT_GCC_OPTIONS='-v' '-o' 'CMakeFiles/cmTC_27085.dir/CMakeCXXCompilerABI.cpp.o' '-c' '-shared-libgcc' '-mtune=generic' '-march=x86-64']
  ignore line: [ as -v --64 -o CMakeFiles/cmTC_27085.dir/CMakeCXXCompilerABI.cpp.o /tmp/ccVYsh14.s]
  ignore line: [GNU assembler version 2.36.1 (x86_64-pc-linux-gnu) using BFD version (GNU Binutils) 2.36.1]
  ignore line: [COMPILER_PATH=/usr/lib/gcc/x86_64-pc-linux-gnu/10.2.0/:/usr/lib/gcc/x86_64-pc-linux-gnu/10.2.0/:/usr/lib/gcc/x86_64-pc-linux-gnu/:/usr/lib/gcc/x86_64-pc-linux-gnu/10.2.0/:/usr/lib/gcc/x86_64-pc-linux-gnu/]
  ignore line: [LIBRARY_PATH=/usr/lib/gcc/x86_64-pc-linux-gnu/10.2.0/:/usr/lib/gcc/x86_64-pc-linux-gnu/10.2.0/../../../../lib/:/lib/../lib/:/usr/lib/../lib/:/usr/lib/gcc/x86_64-pc-linux-gnu/10.2.0/../../../:/lib/:/usr/lib/]
  ignore line: [COLLECT_GCC_OPTIONS='-v' '-o' 'CMakeFiles/cmTC_27085.dir/CMakeCXXCompilerABI.cpp.o' '-c' '-shared-libgcc' '-mtune=generic' '-march=x86-64']
  ignore line: [Linking CXX executable cmTC_27085]
  ignore line: [/usr/bin/cmake -E cmake_link_script CMakeFiles/cmTC_27085.dir/link.txt --verbose=1]
  ignore line: [/usr/bin/g++  -v CMakeFiles/cmTC_27085.dir/CMakeCXXCompilerABI.cpp.o -o cmTC_27085 ]
  ignore line: [Using built-in specs.]
  ignore line: [COLLECT_GCC=/usr/bin/g++]
  ignore line: [COLLECT_LTO_WRAPPER=/usr/lib/gcc/x86_64-pc-linux-gnu/10.2.0/lto-wrapper]
  ignore line: [Target: x86_64-pc-linux-gnu]
  ignore line: [Configured with: /build/gcc/src/gcc/configure --prefix=/usr --libdir=/usr/lib --libexecdir=/usr/lib --mandir=/usr/share/man --infodir=/usr/share/info --with-bugurl=https://bugs.archlinux.org/ --enable-languages=c c++ ada fortran go lto objc obj-c++ d --with-isl --with-linker-hash-style=gnu --with-system-zlib --enable-__cxa_atexit --enable-cet=auto --enable-checking=release --enable-clocale=gnu --enable-default-pie --enable-default-ssp --enable-gnu-indirect-function --enable-gnu-unique-object --enable-install-libiberty --enable-linker-build-id --enable-lto --enable-multilib --enable-plugin --enable-shared --enable-threads=posix --disable-libssp --disable-libstdcxx-pch --disable-libunwind-exceptions --disable-werror gdc_include_dir=/usr/include/dlang/gdc]
  ignore line: [Thread model: posix]
  ignore line: [Supported LTO compression algorithms: zlib zstd]
  ignore line: [gcc version 10.2.0 (GCC) ]
  ignore line: [COMPILER_PATH=/usr/lib/gcc/x86_64-pc-linux-gnu/10.2.0/:/usr/lib/gcc/x86_64-pc-linux-gnu/10.2.0/:/usr/lib/gcc/x86_64-pc-linux-gnu/:/usr/lib/gcc/x86_64-pc-linux-gnu/10.2.0/:/usr/lib/gcc/x86_64-pc-linux-gnu/]
  ignore line: [LIBRARY_PATH=/usr/lib/gcc/x86_64-pc-linux-gnu/10.2.0/:/usr/lib/gcc/x86_64-pc-linux-gnu/10.2.0/../../../../lib/:/lib/../lib/:/usr/lib/../lib/:/usr/lib/gcc/x86_64-pc-linux-gnu/10.2.0/../../../:/lib/:/usr/lib/]
  ignore line: [COLLECT_GCC_OPTIONS='-v' '-o' 'cmTC_27085' '-shared-libgcc' '-mtune=generic' '-march=x86-64']
  link line: [ /usr/lib/gcc/x86_64-pc-linux-gnu/10.2.0/collect2 -plugin /usr/lib/gcc/x86_64-pc-linux-gnu/10.2.0/liblto_plugin.so -plugin-opt=/usr/lib/gcc/x86_64-pc-linux-gnu/10.2.0/lto-wrapper -plugin-opt=-fresolution=/tmp/ccTVlZiT.res -plugin-opt=-pass-through=-lgcc_s -plugin-opt=-pass-through=-lgcc -plugin-opt=-pass-through=-lc -plugin-opt=-pass-through=-lgcc_s -plugin-opt=-pass-through=-lgcc --build-id --eh-frame-hdr --hash-style=gnu -m elf_x86_64 -dynamic-linker /lib64/ld-linux-x86-64.so.2 -pie -o cmTC_27085 /usr/lib/gcc/x86_64-pc-linux-gnu/10.2.0/../../../../lib/Scrt1.o /usr/lib/gcc/x86_64-pc-linux-gnu/10.2.0/../../../../lib/crti.o /usr/lib/gcc/x86_64-pc-linux-gnu/10.2.0/crtbeginS.o -L/usr/lib/gcc/x86_64-pc-linux-gnu/10.2.0 -L/usr/lib/gcc/x86_64-pc-linux-gnu/10.2.0/../../../../lib -L/lib/../lib -L/usr/lib/../lib -L/usr/lib/gcc/x86_64-pc-linux-gnu/10.2.0/../../.. CMakeFiles/cmTC_27085.dir/CMakeCXXCompilerABI.cpp.o -lstdc++ -lm -lgcc_s -lgcc -lc -lgcc_s -lgcc /usr/lib/gcc/x86_64-pc-linux-gnu/10.2.0/crtendS.o /usr/lib/gcc/x86_64-pc-linux-gnu/10.2.0/../../../../lib/crtn.o]
    arg [/usr/lib/gcc/x86_64-pc-linux-gnu/10.2.0/collect2] ==> ignore
    arg [-plugin] ==> ignore
    arg [/usr/lib/gcc/x86_64-pc-linux-gnu/10.2.0/liblto_plugin.so] ==> ignore
    arg [-plugin-opt=/usr/lib/gcc/x86_64-pc-linux-gnu/10.2.0/lto-wrapper] ==> ignore
    arg [-plugin-opt=-fresolution=/tmp/ccTVlZiT.res] ==> ignore
    arg [-plugin-opt=-pass-through=-lgcc_s] ==> ignore
    arg [-plugin-opt=-pass-through=-lgcc] ==> ignore
    arg [-plugin-opt=-pass-through=-lc] ==> ignore
    arg [-plugin-opt=-pass-through=-lgcc_s] ==> ignore
    arg [-plugin-opt=-pass-through=-lgcc] ==> ignore
    arg [--build-id] ==> ignore
    arg [--eh-frame-hdr] ==> ignore
    arg [--hash-style=gnu] ==> ignore
    arg [-m] ==> ignore
    arg [elf_x86_64] ==> ignore
    arg [-dynamic-linker] ==> ignore
    arg [/lib64/ld-linux-x86-64.so.2] ==> ignore
    arg [-pie] ==> ignore
    arg [-o] ==> ignore
    arg [cmTC_27085] ==> ignore
    arg [/usr/lib/gcc/x86_64-pc-linux-gnu/10.2.0/../../../../lib/Scrt1.o] ==> ignore
    arg [/usr/lib/gcc/x86_64-pc-linux-gnu/10.2.0/../../../../lib/crti.o] ==> ignore
    arg [/usr/lib/gcc/x86_64-pc-linux-gnu/10.2.0/crtbeginS.o] ==> ignore
    arg [-L/usr/lib/gcc/x86_64-pc-linux-gnu/10.2.0] ==> dir [/usr/lib/gcc/x86_64-pc-linux-gnu/10.2.0]
    arg [-L/usr/lib/gcc/x86_64-pc-linux-gnu/10.2.0/../../../../lib] ==> dir [/usr/lib/gcc/x86_64-pc-linux-gnu/10.2.0/../../../../lib]
    arg [-L/lib/../lib] ==> dir [/lib/../lib]
    arg [-L/usr/lib/../lib] ==> dir [/usr/lib/../lib]
    arg [-L/usr/lib/gcc/x86_64-pc-linux-gnu/10.2.0/../../..] ==> dir [/usr/lib/gcc/x86_64-pc-linux-gnu/10.2.0/../../..]
    arg [CMakeFiles/cmTC_27085.dir/CMakeCXXCompilerABI.cpp.o] ==> ignore
    arg [-lstdc++] ==> lib [stdc++]
    arg [-lm] ==> lib [m]
    arg [-lgcc_s] ==> lib [gcc_s]
    arg [-lgcc] ==> lib [gcc]
    arg [-lc] ==> lib [c]
    arg [-lgcc_s] ==> lib [gcc_s]
    arg [-lgcc] ==> lib [gcc]
    arg [/usr/lib/gcc/x86_64-pc-linux-gnu/10.2.0/crtendS.o] ==> ignore
    arg [/usr/lib/gcc/x86_64-pc-linux-gnu/10.2.0/../../../../lib/crtn.o] ==> ignore
  collapse library dir [/usr/lib/gcc/x86_64-pc-linux-gnu/10.2.0] ==> [/usr/lib/gcc/x86_64-pc-linux-gnu/10.2.0]
  collapse library dir [/usr/lib/gcc/x86_64-pc-linux-gnu/10.2.0/../../../../lib] ==> [/usr/lib]
  collapse library dir [/lib/../lib] ==> [/lib]
  collapse library dir [/usr/lib/../lib] ==> [/usr/lib]
  collapse library dir [/usr/lib/gcc/x86_64-pc-linux-gnu/10.2.0/../../..] ==> [/usr/lib]
  implicit libs: [stdc++;m;gcc_s;gcc;c;gcc_s;gcc]
  implicit dirs: [/usr/lib/gcc/x86_64-pc-linux-gnu/10.2.0;/usr/lib;/lib]
  implicit fwks: []


Determining if the posix_memalign exist passed with the following output:
Change Dir: /home/molle/Documents/projects/cppAudio/cmake-build-debug/CMakeFiles/CMakeTmp

Run Build Command(s):make cmTC_418ab/fast && make  -f CMakeFiles/cmTC_418ab.dir/build.make CMakeFiles/cmTC_418ab.dir/build
make[1]: Entering directory '/home/molle/Documents/projects/cppAudio/cmake-build-debug/CMakeFiles/CMakeTmp'
Building C object CMakeFiles/cmTC_418ab.dir/CheckSymbolExists.c.o
/usr/bin/gcc    -o CMakeFiles/cmTC_418ab.dir/CheckSymbolExists.c.o -c /home/molle/Documents/projects/cppAudio/cmake-build-debug/CMakeFiles/CMakeTmp/CheckSymbolExists.c
Linking C executable cmTC_418ab
/usr/bin/cmake -E cmake_link_script CMakeFiles/cmTC_418ab.dir/link.txt --verbose=1
/usr/bin/gcc -rdynamic CMakeFiles/cmTC_418ab.dir/CheckSymbolExists.c.o -o cmTC_418ab 
make[1]: Leaving directory '/home/molle/Documents/projects/cppAudio/cmake-build-debug/CMakeFiles/CMakeTmp'


File /home/molle/Documents/projects/cppAudio/cmake-build-debug/CMakeFiles/CMakeTmp/CheckSymbolExists.c:
/* */
#include <stdlib.h>

int main(int argc, char** argv)
{
  (void)argv;
#ifndef posix_memalign
  return ((int*)(&posix_memalign))[argc];
#else
  (void)argc;
  return 0;
#endif
}
Performing C++ SOURCE FILE Test HAVE___RESTRICT succeeded with the following output:
Change Dir: /home/molle/Documents/projects/cppAudio/cmake-build-debug/CMakeFiles/CMakeTmp

Run Build Command(s):make cmTC_1b5d9/fast && make  -f CMakeFiles/cmTC_1b5d9.dir/build.make CMakeFiles/cmTC_1b5d9.dir/build
make[1]: Entering directory '/home/molle/Documents/projects/cppAudio/cmake-build-debug/CMakeFiles/CMakeTmp'
Building CXX object CMakeFiles/cmTC_1b5d9.dir/src.cxx.o
/usr/bin/g++ -DHAVE___RESTRICT   -o CMakeFiles/cmTC_1b5d9.dir/src.cxx.o -c /home/molle/Documents/projects/cppAudio/cmake-build-debug/CMakeFiles/CMakeTmp/src.cxx
Linking CXX executable cmTC_1b5d9
/usr/bin/cmake -E cmake_link_script CMakeFiles/cmTC_1b5d9.dir/link.txt --verbose=1
/usr/bin/g++ -rdynamic CMakeFiles/cmTC_1b5d9.dir/src.cxx.o -o cmTC_1b5d9 
make[1]: Leaving directory '/home/molle/Documents/projects/cppAudio/cmake-build-debug/CMakeFiles/CMakeTmp'


Source file was:
int *__restrict foo;
int main() { return 0; }
Performing C++ SOURCE FILE Test HAVE_LIBATOMIC succeeded with the following output:
Change Dir: /home/molle/Documents/projects/cppAudio/cmake-build-debug/CMakeFiles/CMakeTmp

Run Build Command(s):make cmTC_b29f4/fast && make  -f CMakeFiles/cmTC_b29f4.dir/build.make CMakeFiles/cmTC_b29f4.dir/build
make[1]: Entering directory '/home/molle/Documents/projects/cppAudio/cmake-build-debug/CMakeFiles/CMakeTmp'
Building CXX object CMakeFiles/cmTC_b29f4.dir/src.cxx.o
/usr/bin/g++ -DHAVE_LIBATOMIC   -o CMakeFiles/cmTC_b29f4.dir/src.cxx.o -c /home/molle/Documents/projects/cppAudio/cmake-build-debug/CMakeFiles/CMakeTmp/src.cxx
Linking CXX executable cmTC_b29f4
/usr/bin/cmake -E cmake_link_script CMakeFiles/cmTC_b29f4.dir/link.txt --verbose=1
/usr/bin/g++ -rdynamic CMakeFiles/cmTC_b29f4.dir/src.cxx.o -o cmTC_b29f4  -latomic 
make[1]: Leaving directory '/home/molle/Documents/projects/cppAudio/cmake-build-debug/CMakeFiles/CMakeTmp'


Source file was:
#include <atomic>
std::atomic<int> foo{0};
int main() { return foo.fetch_add(2); }
Performing C SOURCE FILE Test HAVE_FNO_MATH_ERRNO succeeded with the following output:
Change Dir: /home/molle/Documents/projects/cppAudio/cmake-build-debug/CMakeFiles/CMakeTmp

Run Build Command(s):make cmTC_7d9aa/fast && make  -f CMakeFiles/cmTC_7d9aa.dir/build.make CMakeFiles/cmTC_7d9aa.dir/build
make[1]: Entering directory '/home/molle/Documents/projects/cppAudio/cmake-build-debug/CMakeFiles/CMakeTmp'
Building C object CMakeFiles/cmTC_7d9aa.dir/src.c.o
/usr/bin/gcc -DHAVE_FNO_MATH_ERRNO  -fno-math-errno -o CMakeFiles/cmTC_7d9aa.dir/src.c.o -c /home/molle/Documents/projects/cppAudio/cmake-build-debug/CMakeFiles/CMakeTmp/src.c
Linking C executable cmTC_7d9aa
/usr/bin/cmake -E cmake_link_script CMakeFiles/cmTC_7d9aa.dir/link.txt --verbose=1
/usr/bin/gcc -rdynamic CMakeFiles/cmTC_7d9aa.dir/src.c.o -o cmTC_7d9aa  -latomic 
make[1]: Leaving directory '/home/molle/Documents/projects/cppAudio/cmake-build-debug/CMakeFiles/CMakeTmp'


Source file was:
int main(void) { return 0; }
Performing C SOURCE FILE Test HAVE_GCC_PROTECTED_VISIBILITY succeeded with the following output:
Change Dir: /home/molle/Documents/projects/cppAudio/cmake-build-debug/CMakeFiles/CMakeTmp

Run Build Command(s):make cmTC_e2cbb/fast && make  -f CMakeFiles/cmTC_e2cbb.dir/build.make CMakeFiles/cmTC_e2cbb.dir/build
make[1]: Entering directory '/home/molle/Documents/projects/cppAudio/cmake-build-debug/CMakeFiles/CMakeTmp'
Building C object CMakeFiles/cmTC_e2cbb.dir/src.c.o
/usr/bin/gcc -DHAVE_GCC_PROTECTED_VISIBILITY  -Wattributes -Werror -o CMakeFiles/cmTC_e2cbb.dir/src.c.o -c /home/molle/Documents/projects/cppAudio/cmake-build-debug/CMakeFiles/CMakeTmp/src.c
Linking C executable cmTC_e2cbb
/usr/bin/cmake -E cmake_link_script CMakeFiles/cmTC_e2cbb.dir/link.txt --verbose=1
/usr/bin/gcc   -Wattributes -Werror -rdynamic CMakeFiles/cmTC_e2cbb.dir/src.c.o -o cmTC_e2cbb  -latomic 
make[1]: Leaving directory '/home/molle/Documents/projects/cppAudio/cmake-build-debug/CMakeFiles/CMakeTmp'


Source file was:
int foo() __attribute__((visibility("protected")));
                             int main() {return 0;}
Performing C SOURCE FILE Test HAVE_VISIBILITY_HIDDEN_SWITCH succeeded with the following output:
Change Dir: /home/molle/Documents/projects/cppAudio/cmake-build-debug/CMakeFiles/CMakeTmp

Run Build Command(s):make cmTC_f31c8/fast && make  -f CMakeFiles/cmTC_f31c8.dir/build.make CMakeFiles/cmTC_f31c8.dir/build
make[1]: Entering directory '/home/molle/Documents/projects/cppAudio/cmake-build-debug/CMakeFiles/CMakeTmp'
Building C object CMakeFiles/cmTC_f31c8.dir/src.c.o
/usr/bin/gcc -DHAVE_VISIBILITY_HIDDEN_SWITCH  -Wattributes -Werror   -fvisibility=hidden -o CMakeFiles/cmTC_f31c8.dir/src.c.o -c /home/molle/Documents/projects/cppAudio/cmake-build-debug/CMakeFiles/CMakeTmp/src.c
Linking C executable cmTC_f31c8
/usr/bin/cmake -E cmake_link_script CMakeFiles/cmTC_f31c8.dir/link.txt --verbose=1
/usr/bin/gcc   -Wattributes -Werror -rdynamic CMakeFiles/cmTC_f31c8.dir/src.c.o -o cmTC_f31c8  -latomic 
make[1]: Leaving directory '/home/molle/Documents/projects/cppAudio/cmake-build-debug/CMakeFiles/CMakeTmp'


Source file was:
int main(void) { return 0; }
Performing C SOURCE FILE Test HAVE_MSSE2_SWITCH succeeded with the following output:
Change Dir: /home/molle/Documents/projects/cppAudio/cmake-build-debug/CMakeFiles/CMakeTmp

Run Build Command(s):make cmTC_2cd31/fast && make  -f CMakeFiles/cmTC_2cd31.dir/build.make CMakeFiles/cmTC_2cd31.dir/build
make[1]: Entering directory '/home/molle/Documents/projects/cppAudio/cmake-build-debug/CMakeFiles/CMakeTmp'
Building C object CMakeFiles/cmTC_2cd31.dir/src.c.o
/usr/bin/gcc -DHAVE_MSSE2_SWITCH  -Werror   -msse2 -o CMakeFiles/cmTC_2cd31.dir/src.c.o -c /home/molle/Documents/projects/cppAudio/cmake-build-debug/CMakeFiles/CMakeTmp/src.c
Linking C executable cmTC_2cd31
/usr/bin/cmake -E cmake_link_script CMakeFiles/cmTC_2cd31.dir/link.txt --verbose=1
/usr/bin/gcc   -Werror -rdynamic CMakeFiles/cmTC_2cd31.dir/src.c.o -o cmTC_2cd31  -latomic 
make[1]: Leaving directory '/home/molle/Documents/projects/cppAudio/cmake-build-debug/CMakeFiles/CMakeTmp'


Source file was:
int main(void) { return 0; }
Determining if the include file xmmintrin.h exists passed with the following output:
Change Dir: /home/molle/Documents/projects/cppAudio/cmake-build-debug/CMakeFiles/CMakeTmp

Run Build Command(s):make cmTC_0a5b4/fast && make  -f CMakeFiles/cmTC_0a5b4.dir/build.make CMakeFiles/cmTC_0a5b4.dir/build
make[1]: Entering directory '/home/molle/Documents/projects/cppAudio/cmake-build-debug/CMakeFiles/CMakeTmp'
Building C object CMakeFiles/cmTC_0a5b4.dir/CheckIncludeFile.c.o
/usr/bin/gcc    -o CMakeFiles/cmTC_0a5b4.dir/CheckIncludeFile.c.o -c /home/molle/Documents/projects/cppAudio/cmake-build-debug/CMakeFiles/CMakeTmp/CheckIncludeFile.c
Linking C executable cmTC_0a5b4
/usr/bin/cmake -E cmake_link_script CMakeFiles/cmTC_0a5b4.dir/link.txt --verbose=1
/usr/bin/gcc -rdynamic CMakeFiles/cmTC_0a5b4.dir/CheckIncludeFile.c.o -o cmTC_0a5b4  -latomic 
make[1]: Leaving directory '/home/molle/Documents/projects/cppAudio/cmake-build-debug/CMakeFiles/CMakeTmp'



Determining if the include file emmintrin.h exists passed with the following output:
Change Dir: /home/molle/Documents/projects/cppAudio/cmake-build-debug/CMakeFiles/CMakeTmp

Run Build Command(s):make cmTC_ce6c2/fast && make  -f CMakeFiles/cmTC_ce6c2.dir/build.make CMakeFiles/cmTC_ce6c2.dir/build
make[1]: Entering directory '/home/molle/Documents/projects/cppAudio/cmake-build-debug/CMakeFiles/CMakeTmp'
Building C object CMakeFiles/cmTC_ce6c2.dir/CheckIncludeFile.c.o
/usr/bin/gcc    -o CMakeFiles/cmTC_ce6c2.dir/CheckIncludeFile.c.o -c /home/molle/Documents/projects/cppAudio/cmake-build-debug/CMakeFiles/CMakeTmp/CheckIncludeFile.c
Linking C executable cmTC_ce6c2
/usr/bin/cmake -E cmake_link_script CMakeFiles/cmTC_ce6c2.dir/link.txt --verbose=1
/usr/bin/gcc -rdynamic CMakeFiles/cmTC_ce6c2.dir/CheckIncludeFile.c.o -o cmTC_ce6c2  -latomic 
make[1]: Leaving directory '/home/molle/Documents/projects/cppAudio/cmake-build-debug/CMakeFiles/CMakeTmp'



Determining if the include file pmmintrin.h exists passed with the following output:
Change Dir: /home/molle/Documents/projects/cppAudio/cmake-build-debug/CMakeFiles/CMakeTmp

Run Build Command(s):make cmTC_c11bb/fast && make  -f CMakeFiles/cmTC_c11bb.dir/build.make CMakeFiles/cmTC_c11bb.dir/build
make[1]: Entering directory '/home/molle/Documents/projects/cppAudio/cmake-build-debug/CMakeFiles/CMakeTmp'
Building C object CMakeFiles/cmTC_c11bb.dir/CheckIncludeFile.c.o
/usr/bin/gcc    -o CMakeFiles/cmTC_c11bb.dir/CheckIncludeFile.c.o -c /home/molle/Documents/projects/cppAudio/cmake-build-debug/CMakeFiles/CMakeTmp/CheckIncludeFile.c
Linking C executable cmTC_c11bb
/usr/bin/cmake -E cmake_link_script CMakeFiles/cmTC_c11bb.dir/link.txt --verbose=1
/usr/bin/gcc -rdynamic CMakeFiles/cmTC_c11bb.dir/CheckIncludeFile.c.o -o cmTC_c11bb  -latomic 
make[1]: Leaving directory '/home/molle/Documents/projects/cppAudio/cmake-build-debug/CMakeFiles/CMakeTmp'



Determining if the include file smmintrin.h exists passed with the following output:
Change Dir: /home/molle/Documents/projects/cppAudio/cmake-build-debug/CMakeFiles/CMakeTmp

Run Build Command(s):make cmTC_866e8/fast && make  -f CMakeFiles/cmTC_866e8.dir/build.make CMakeFiles/cmTC_866e8.dir/build
make[1]: Entering directory '/home/molle/Documents/projects/cppAudio/cmake-build-debug/CMakeFiles/CMakeTmp'
Building C object CMakeFiles/cmTC_866e8.dir/CheckIncludeFile.c.o
/usr/bin/gcc    -o CMakeFiles/cmTC_866e8.dir/CheckIncludeFile.c.o -c /home/molle/Documents/projects/cppAudio/cmake-build-debug/CMakeFiles/CMakeTmp/CheckIncludeFile.c
Linking C executable cmTC_866e8
/usr/bin/cmake -E cmake_link_script CMakeFiles/cmTC_866e8.dir/link.txt --verbose=1
/usr/bin/gcc -rdynamic CMakeFiles/cmTC_866e8.dir/CheckIncludeFile.c.o -o cmTC_866e8  -latomic 
make[1]: Leaving directory '/home/molle/Documents/projects/cppAudio/cmake-build-debug/CMakeFiles/CMakeTmp'



Performing C SOURCE FILE Test HAVE_SSE_INTRINSICS succeeded with the following output:
Change Dir: /home/molle/Documents/projects/cppAudio/cmake-build-debug/CMakeFiles/CMakeTmp

Run Build Command(s):make cmTC_289b4/fast && make  -f CMakeFiles/cmTC_289b4.dir/build.make CMakeFiles/cmTC_289b4.dir/build
make[1]: Entering directory '/home/molle/Documents/projects/cppAudio/cmake-build-debug/CMakeFiles/CMakeTmp'
Building C object CMakeFiles/cmTC_289b4.dir/src.c.o
/usr/bin/gcc -DHAVE_SSE_INTRINSICS   -o CMakeFiles/cmTC_289b4.dir/src.c.o -c /home/molle/Documents/projects/cppAudio/cmake-build-debug/CMakeFiles/CMakeTmp/src.c
Linking C executable cmTC_289b4
/usr/bin/cmake -E cmake_link_script CMakeFiles/cmTC_289b4.dir/link.txt --verbose=1
/usr/bin/gcc -rdynamic CMakeFiles/cmTC_289b4.dir/src.c.o -o cmTC_289b4  -latomic 
make[1]: Leaving directory '/home/molle/Documents/projects/cppAudio/cmake-build-debug/CMakeFiles/CMakeTmp'


Source file was:
#include <emmintrin.h>
        int main() {_mm_pause(); return 0;}
Determining if the include file malloc.h exists passed with the following output:
Change Dir: /home/molle/Documents/projects/cppAudio/cmake-build-debug/CMakeFiles/CMakeTmp

Run Build Command(s):make cmTC_d25fe/fast && make  -f CMakeFiles/cmTC_d25fe.dir/build.make CMakeFiles/cmTC_d25fe.dir/build
make[1]: Entering directory '/home/molle/Documents/projects/cppAudio/cmake-build-debug/CMakeFiles/CMakeTmp'
Building C object CMakeFiles/cmTC_d25fe.dir/CheckIncludeFile.c.o
/usr/bin/gcc    -o CMakeFiles/cmTC_d25fe.dir/CheckIncludeFile.c.o -c /home/molle/Documents/projects/cppAudio/cmake-build-debug/CMakeFiles/CMakeTmp/CheckIncludeFile.c
Linking C executable cmTC_d25fe
/usr/bin/cmake -E cmake_link_script CMakeFiles/cmTC_d25fe.dir/link.txt --verbose=1
/usr/bin/gcc -rdynamic CMakeFiles/cmTC_d25fe.dir/CheckIncludeFile.c.o -o cmTC_d25fe  -latomic 
make[1]: Leaving directory '/home/molle/Documents/projects/cppAudio/cmake-build-debug/CMakeFiles/CMakeTmp'



Determining if the include file cpuid.h exists passed with the following output:
Change Dir: /home/molle/Documents/projects/cppAudio/cmake-build-debug/CMakeFiles/CMakeTmp

Run Build Command(s):make cmTC_ac202/fast && make  -f CMakeFiles/cmTC_ac202.dir/build.make CMakeFiles/cmTC_ac202.dir/build
make[1]: Entering directory '/home/molle/Documents/projects/cppAudio/cmake-build-debug/CMakeFiles/CMakeTmp'
Building C object CMakeFiles/cmTC_ac202.dir/CheckIncludeFile.c.o
/usr/bin/gcc    -o CMakeFiles/cmTC_ac202.dir/CheckIncludeFile.c.o -c /home/molle/Documents/projects/cppAudio/cmake-build-debug/CMakeFiles/CMakeTmp/CheckIncludeFile.c
Linking C executable cmTC_ac202
/usr/bin/cmake -E cmake_link_script CMakeFiles/cmTC_ac202.dir/link.txt --verbose=1
/usr/bin/gcc -rdynamic CMakeFiles/cmTC_ac202.dir/CheckIncludeFile.c.o -o cmTC_ac202  -latomic 
make[1]: Leaving directory '/home/molle/Documents/projects/cppAudio/cmake-build-debug/CMakeFiles/CMakeTmp'



Determining if the function pow exists in the m passed with the following output:
Change Dir: /home/molle/Documents/projects/cppAudio/cmake-build-debug/CMakeFiles/CMakeTmp

Run Build Command(s):make cmTC_ee649/fast && make  -f CMakeFiles/cmTC_ee649.dir/build.make CMakeFiles/cmTC_ee649.dir/build
make[1]: Entering directory '/home/molle/Documents/projects/cppAudio/cmake-build-debug/CMakeFiles/CMakeTmp'
Building C object CMakeFiles/cmTC_ee649.dir/CheckFunctionExists.c.o
/usr/bin/gcc   -DCHECK_FUNCTION_EXISTS=pow -o CMakeFiles/cmTC_ee649.dir/CheckFunctionExists.c.o -c /usr/share/cmake-3.19/Modules/CheckFunctionExists.c
<command-line>: warning: conflicting types for built-in function 'pow'; expected 'double(double,  double)' [-Wbuiltin-declaration-mismatch]
/usr/share/cmake-3.19/Modules/CheckFunctionExists.c:7:3: note: in expansion of macro 'CHECK_FUNCTION_EXISTS'
    7 |   CHECK_FUNCTION_EXISTS(void);
      |   ^~~~~~~~~~~~~~~~~~~~~
/usr/share/cmake-3.19/Modules/CheckFunctionExists.c:1:1: note: 'pow' is declared in header '<math.h>'
  +++ |+#include <math.h>
    1 | #ifdef CHECK_FUNCTION_EXISTS
Linking C executable cmTC_ee649
/usr/bin/cmake -E cmake_link_script CMakeFiles/cmTC_ee649.dir/link.txt --verbose=1
/usr/bin/gcc  -DCHECK_FUNCTION_EXISTS=pow -rdynamic CMakeFiles/cmTC_ee649.dir/CheckFunctionExists.c.o -o cmTC_ee649  -lm -latomic 
make[1]: Leaving directory '/home/molle/Documents/projects/cppAudio/cmake-build-debug/CMakeFiles/CMakeTmp'



Determining if the function clock_gettime exists in the rt passed with the following output:
Change Dir: /home/molle/Documents/projects/cppAudio/cmake-build-debug/CMakeFiles/CMakeTmp

Run Build Command(s):make cmTC_a8e5a/fast && make  -f CMakeFiles/cmTC_a8e5a.dir/build.make CMakeFiles/cmTC_a8e5a.dir/build
make[1]: Entering directory '/home/molle/Documents/projects/cppAudio/cmake-build-debug/CMakeFiles/CMakeTmp'
Building C object CMakeFiles/cmTC_a8e5a.dir/CheckFunctionExists.c.o
/usr/bin/gcc   -DCHECK_FUNCTION_EXISTS=clock_gettime -o CMakeFiles/cmTC_a8e5a.dir/CheckFunctionExists.c.o -c /usr/share/cmake-3.19/Modules/CheckFunctionExists.c
Linking C executable cmTC_a8e5a
/usr/bin/cmake -E cmake_link_script CMakeFiles/cmTC_a8e5a.dir/link.txt --verbose=1
/usr/bin/gcc  -DCHECK_FUNCTION_EXISTS=clock_gettime -rdynamic CMakeFiles/cmTC_a8e5a.dir/CheckFunctionExists.c.o -o cmTC_a8e5a  -lrt -latomic -lm 
make[1]: Leaving directory '/home/molle/Documents/projects/cppAudio/cmake-build-debug/CMakeFiles/CMakeTmp'



Determining if the include file dlfcn.h exists passed with the following output:
Change Dir: /home/molle/Documents/projects/cppAudio/cmake-build-debug/CMakeFiles/CMakeTmp

Run Build Command(s):make cmTC_9e686/fast && make  -f CMakeFiles/cmTC_9e686.dir/build.make CMakeFiles/cmTC_9e686.dir/build
make[1]: Entering directory '/home/molle/Documents/projects/cppAudio/cmake-build-debug/CMakeFiles/CMakeTmp'
Building C object CMakeFiles/cmTC_9e686.dir/CheckIncludeFile.c.o
/usr/bin/gcc    -o CMakeFiles/cmTC_9e686.dir/CheckIncludeFile.c.o -c /home/molle/Documents/projects/cppAudio/cmake-build-debug/CMakeFiles/CMakeTmp/CheckIncludeFile.c
Linking C executable cmTC_9e686
/usr/bin/cmake -E cmake_link_script CMakeFiles/cmTC_9e686.dir/link.txt --verbose=1
/usr/bin/gcc -rdynamic CMakeFiles/cmTC_9e686.dir/CheckIncludeFile.c.o -o cmTC_9e686  -latomic -lm 
make[1]: Leaving directory '/home/molle/Documents/projects/cppAudio/cmake-build-debug/CMakeFiles/CMakeTmp'



Determining if the function dlopen exists in the dl passed with the following output:
Change Dir: /home/molle/Documents/projects/cppAudio/cmake-build-debug/CMakeFiles/CMakeTmp

Run Build Command(s):make cmTC_6f6c3/fast && make  -f CMakeFiles/cmTC_6f6c3.dir/build.make CMakeFiles/cmTC_6f6c3.dir/build
make[1]: Entering directory '/home/molle/Documents/projects/cppAudio/cmake-build-debug/CMakeFiles/CMakeTmp'
Building C object CMakeFiles/cmTC_6f6c3.dir/CheckFunctionExists.c.o
/usr/bin/gcc   -DCHECK_FUNCTION_EXISTS=dlopen -o CMakeFiles/cmTC_6f6c3.dir/CheckFunctionExists.c.o -c /usr/share/cmake-3.19/Modules/CheckFunctionExists.c
Linking C executable cmTC_6f6c3
/usr/bin/cmake -E cmake_link_script CMakeFiles/cmTC_6f6c3.dir/link.txt --verbose=1
/usr/bin/gcc  -DCHECK_FUNCTION_EXISTS=dlopen -rdynamic CMakeFiles/cmTC_6f6c3.dir/CheckFunctionExists.c.o -o cmTC_6f6c3  -ldl -latomic -lm 
make[1]: Leaving directory '/home/molle/Documents/projects/cppAudio/cmake-build-debug/CMakeFiles/CMakeTmp'



Performing C SOURCE FILE Test HAVE_GCC_GET_CPUID succeeded with the following output:
Change Dir: /home/molle/Documents/projects/cppAudio/cmake-build-debug/CMakeFiles/CMakeTmp

Run Build Command(s):make cmTC_89f3e/fast && make  -f CMakeFiles/cmTC_89f3e.dir/build.make CMakeFiles/cmTC_89f3e.dir/build
make[1]: Entering directory '/home/molle/Documents/projects/cppAudio/cmake-build-debug/CMakeFiles/CMakeTmp'
Building C object CMakeFiles/cmTC_89f3e.dir/src.c.o
/usr/bin/gcc -DHAVE_GCC_GET_CPUID   -o CMakeFiles/cmTC_89f3e.dir/src.c.o -c /home/molle/Documents/projects/cppAudio/cmake-build-debug/CMakeFiles/CMakeTmp/src.c
Linking C executable cmTC_89f3e
/usr/bin/cmake -E cmake_link_script CMakeFiles/cmTC_89f3e.dir/link.txt --verbose=1
/usr/bin/gcc -rdynamic CMakeFiles/cmTC_89f3e.dir/src.c.o -o cmTC_89f3e  -latomic -lm -ldl 
make[1]: Leaving directory '/home/molle/Documents/projects/cppAudio/cmake-build-debug/CMakeFiles/CMakeTmp'


Source file was:
#include <cpuid.h>
        int main()
        {
            unsigned int eax, ebx, ecx, edx;
            return __get_cpuid(0, &eax, &ebx, &ecx, &edx);
        }
Determining if the posix_memalign exist passed with the following output:
Change Dir: /home/molle/Documents/projects/cppAudio/cmake-build-debug/CMakeFiles/CMakeTmp

Run Build Command(s):make cmTC_0303d/fast && make  -f CMakeFiles/cmTC_0303d.dir/build.make CMakeFiles/cmTC_0303d.dir/build
make[1]: Entering directory '/home/molle/Documents/projects/cppAudio/cmake-build-debug/CMakeFiles/CMakeTmp'
Building C object CMakeFiles/cmTC_0303d.dir/CheckSymbolExists.c.o
/usr/bin/gcc    -o CMakeFiles/cmTC_0303d.dir/CheckSymbolExists.c.o -c /home/molle/Documents/projects/cppAudio/cmake-build-debug/CMakeFiles/CMakeTmp/CheckSymbolExists.c
Linking C executable cmTC_0303d
/usr/bin/cmake -E cmake_link_script CMakeFiles/cmTC_0303d.dir/link.txt --verbose=1
/usr/bin/gcc -rdynamic CMakeFiles/cmTC_0303d.dir/CheckSymbolExists.c.o -o cmTC_0303d  -latomic -lm -ldl 
make[1]: Leaving directory '/home/molle/Documents/projects/cppAudio/cmake-build-debug/CMakeFiles/CMakeTmp'


File /home/molle/Documents/projects/cppAudio/cmake-build-debug/CMakeFiles/CMakeTmp/CheckSymbolExists.c:
/* */
#include <stdlib.h>

int main(int argc, char** argv)
{
  (void)argv;
#ifndef posix_memalign
  return ((int*)(&posix_memalign))[argc];
#else
  (void)argc;
  return 0;
#endif
}
Determining if the include file pthread.h exists passed with the following output:
Change Dir: /home/molle/Documents/projects/cppAudio/cmake-build-debug/CMakeFiles/CMakeTmp

Run Build Command(s):make cmTC_329df/fast && make  -f CMakeFiles/cmTC_329df.dir/build.make CMakeFiles/cmTC_329df.dir/build
make[1]: Entering directory '/home/molle/Documents/projects/cppAudio/cmake-build-debug/CMakeFiles/CMakeTmp'
Building C object CMakeFiles/cmTC_329df.dir/CheckIncludeFile.c.o
/usr/bin/gcc    -o CMakeFiles/cmTC_329df.dir/CheckIncludeFile.c.o -c /home/molle/Documents/projects/cppAudio/cmake-build-debug/CMakeFiles/CMakeTmp/CheckIncludeFile.c
Linking C executable cmTC_329df
/usr/bin/cmake -E cmake_link_script CMakeFiles/cmTC_329df.dir/link.txt --verbose=1
/usr/bin/gcc -rdynamic CMakeFiles/cmTC_329df.dir/CheckIncludeFile.c.o -o cmTC_329df  -latomic -lm -ldl 
make[1]: Leaving directory '/home/molle/Documents/projects/cppAudio/cmake-build-debug/CMakeFiles/CMakeTmp'



Performing C SOURCE FILE Test HAVE_PTHREAD succeeded with the following output:
Change Dir: /home/molle/Documents/projects/cppAudio/cmake-build-debug/CMakeFiles/CMakeTmp

Run Build Command(s):make cmTC_d131f/fast && make  -f CMakeFiles/cmTC_d131f.dir/build.make CMakeFiles/cmTC_d131f.dir/build
make[1]: Entering directory '/home/molle/Documents/projects/cppAudio/cmake-build-debug/CMakeFiles/CMakeTmp'
Building C object CMakeFiles/cmTC_d131f.dir/src.c.o
/usr/bin/gcc -DHAVE_PTHREAD  -pthread -o CMakeFiles/cmTC_d131f.dir/src.c.o -c /home/molle/Documents/projects/cppAudio/cmake-build-debug/CMakeFiles/CMakeTmp/src.c
Linking C executable cmTC_d131f
/usr/bin/cmake -E cmake_link_script CMakeFiles/cmTC_d131f.dir/link.txt --verbose=1
/usr/bin/gcc -rdynamic CMakeFiles/cmTC_d131f.dir/src.c.o -o cmTC_d131f  -latomic -lm -ldl 
make[1]: Leaving directory '/home/molle/Documents/projects/cppAudio/cmake-build-debug/CMakeFiles/CMakeTmp'


Source file was:
int main(void) { return 0; }
Determining if the pthread_setschedparam exist passed with the following output:
Change Dir: /home/molle/Documents/projects/cppAudio/cmake-build-debug/CMakeFiles/CMakeTmp

Run Build Command(s):make cmTC_41d57/fast && make  -f CMakeFiles/cmTC_41d57.dir/build.make CMakeFiles/cmTC_41d57.dir/build
make[1]: Entering directory '/home/molle/Documents/projects/cppAudio/cmake-build-debug/CMakeFiles/CMakeTmp'
Building C object CMakeFiles/cmTC_41d57.dir/CheckSymbolExists.c.o
/usr/bin/gcc   -pthread -o CMakeFiles/cmTC_41d57.dir/CheckSymbolExists.c.o -c /home/molle/Documents/projects/cppAudio/cmake-build-debug/CMakeFiles/CMakeTmp/CheckSymbolExists.c
Linking C executable cmTC_41d57
/usr/bin/cmake -E cmake_link_script CMakeFiles/cmTC_41d57.dir/link.txt --verbose=1
/usr/bin/gcc   -pthread -rdynamic CMakeFiles/cmTC_41d57.dir/CheckSymbolExists.c.o -o cmTC_41d57  -latomic -lm -ldl 
make[1]: Leaving directory '/home/molle/Documents/projects/cppAudio/cmake-build-debug/CMakeFiles/CMakeTmp'


File /home/molle/Documents/projects/cppAudio/cmake-build-debug/CMakeFiles/CMakeTmp/CheckSymbolExists.c:
/* */
#include <pthread.h>

int main(int argc, char** argv)
{
  (void)argv;
#ifndef pthread_setschedparam
  return ((int*)(&pthread_setschedparam))[argc];
#else
  (void)argc;
  return 0;
#endif
}
Determining if the getopt exist passed with the following output:
Change Dir: /home/molle/Documents/projects/cppAudio/cmake-build-debug/CMakeFiles/CMakeTmp

Run Build Command(s):make cmTC_f8f82/fast && make  -f CMakeFiles/cmTC_f8f82.dir/build.make CMakeFiles/cmTC_f8f82.dir/build
make[1]: Entering directory '/home/molle/Documents/projects/cppAudio/cmake-build-debug/CMakeFiles/CMakeTmp'
Building C object CMakeFiles/cmTC_f8f82.dir/CheckSymbolExists.c.o
/usr/bin/gcc   -pthread -o CMakeFiles/cmTC_f8f82.dir/CheckSymbolExists.c.o -c /home/molle/Documents/projects/cppAudio/cmake-build-debug/CMakeFiles/CMakeTmp/CheckSymbolExists.c
Linking C executable cmTC_f8f82
/usr/bin/cmake -E cmake_link_script CMakeFiles/cmTC_f8f82.dir/link.txt --verbose=1
/usr/bin/gcc   -pthread -rdynamic CMakeFiles/cmTC_f8f82.dir/CheckSymbolExists.c.o -o cmTC_f8f82  -latomic -lm -ldl 
make[1]: Leaving directory '/home/molle/Documents/projects/cppAudio/cmake-build-debug/CMakeFiles/CMakeTmp'


File /home/molle/Documents/projects/cppAudio/cmake-build-debug/CMakeFiles/CMakeTmp/CheckSymbolExists.c:
/* */
#include <unistd.h>

int main(int argc, char** argv)
{
  (void)argv;
#ifndef getopt
  return ((int*)(&getopt))[argc];
#else
  (void)argc;
  return 0;
#endif
}
Determining if the include file pthread.h exists passed with the following output:
Change Dir: /home/molle/Documents/projects/cppAudio/cmake-build-debug/CMakeFiles/CMakeTmp

Run Build Command(s):make cmTC_eca46/fast && make  -f CMakeFiles/cmTC_eca46.dir/build.make CMakeFiles/cmTC_eca46.dir/build
make[1]: Entering directory '/home/molle/Documents/projects/cppAudio/cmake-build-debug/CMakeFiles/CMakeTmp'
Building C object CMakeFiles/cmTC_eca46.dir/CheckIncludeFile.c.o
/usr/bin/gcc   -pthread -o CMakeFiles/cmTC_eca46.dir/CheckIncludeFile.c.o -c /home/molle/Documents/projects/cppAudio/cmake-build-debug/CMakeFiles/CMakeTmp/CheckIncludeFile.c
Linking C executable cmTC_eca46
/usr/bin/cmake -E cmake_link_script CMakeFiles/cmTC_eca46.dir/link.txt --verbose=1
/usr/bin/gcc   -pthread -rdynamic CMakeFiles/cmTC_eca46.dir/CheckIncludeFile.c.o -o cmTC_eca46  -latomic -lm -ldl 
make[1]: Leaving directory '/home/molle/Documents/projects/cppAudio/cmake-build-debug/CMakeFiles/CMakeTmp'



Performing C SOURCE FILE Test CMAKE_HAVE_LIBC_PTHREAD succeeded with the following output:
Change Dir: /home/molle/Documents/projects/cppAudio/cmake-build-debug/CMakeFiles/CMakeTmp

Run Build Command(s):make cmTC_09bc1/fast && make  -f CMakeFiles/cmTC_09bc1.dir/build.make CMakeFiles/cmTC_09bc1.dir/build
make[1]: Entering directory '/home/molle/Documents/projects/cppAudio/cmake-build-debug/CMakeFiles/CMakeTmp'
Building C object CMakeFiles/cmTC_09bc1.dir/src.c.o
/usr/bin/gcc -DCMAKE_HAVE_LIBC_PTHREAD  -pthread -o CMakeFiles/cmTC_09bc1.dir/src.c.o -c /home/molle/Documents/projects/cppAudio/cmake-build-debug/CMakeFiles/CMakeTmp/src.c
Linking C executable cmTC_09bc1
/usr/bin/cmake -E cmake_link_script CMakeFiles/cmTC_09bc1.dir/link.txt --verbose=1
/usr/bin/gcc   -pthread -rdynamic CMakeFiles/cmTC_09bc1.dir/src.c.o -o cmTC_09bc1  -latomic -lm -ldl 
make[1]: Leaving directory '/home/molle/Documents/projects/cppAudio/cmake-build-debug/CMakeFiles/CMakeTmp'


Source file was:
#include <pthread.h>

static void* test_func(void* data)
{
  return data;
}

int main(void)
{
  pthread_t thread;
  pthread_create(&thread, NULL, test_func, NULL);
  pthread_detach(thread);
  pthread_cancel(thread);
  pthread_join(thread, NULL);
  pthread_atfork(NULL, NULL, NULL);
  pthread_exit(NULL);

  return 0;
}

